#
# There is insufficient memory for the Java Runtime Environment to continue.
# Native memory allocation (mmap) failed to map 150994944 bytes for Failed to commit area from 0x0000000090800000 to 0x0000000099800000 of length 150994944.
# Possible reasons:
#   The system is out of physical RAM or swap space
#   The process is running with CompressedOops enabled, and the Java Heap may be blocking the growth of the native heap
# Possible solutions:
#   Reduce memory load on the system
#   Increase physical memory or swap space
#   Check if swap backing store is full
#   Decrease Java heap size (-Xmx/-Xms)
#   Decrease number of Java threads
#   Decrease Java thread stack sizes (-Xss)
#   Set larger code cache with -XX:ReservedCodeCacheSize=
#   JVM is running with Unscaled Compressed Oops mode in which the Java heap is
#     placed in the first 4GB address space. The Java Heap base address is the
#     maximum limit for the native heap growth. Please use -XX:HeapBaseMinAddress
#     to set the Java Heap base and to place the Java Heap above 4GB virtual address.
# This output file may be truncated or incomplete.
#
#  Out of Memory Error (./src/hotspot/os/windows/os_windows.cpp:3303), pid=7156, tid=2040
#
# JRE version: OpenJDK Runtime Environment (11.0.8+10) (build 11.0.8+10-b944.6842174)
# Java VM: OpenJDK 64-Bit Server VM (11.0.8+10-b944.6842174, mixed mode, tiered, compressed oops, g1 gc, windows-amd64)
# No core dump will be written. Minidumps are not enabled by default on client versions of Windows
#

---------------  S U M M A R Y ------------

Command Line: --add-opens=java.base/java.util=ALL-UNNAMED --add-opens=java.base/java.lang=ALL-UNNAMED --add-opens=java.base/java.lang.invoke=ALL-UNNAMED --add-opens=java.base/java.util=ALL-UNNAMED --add-opens=java.prefs/java.util.prefs=ALL-UNNAMED --add-opens=java.prefs/java.util.prefs=ALL-UNNAMED --add-opens=java.base/java.nio.charset=ALL-UNNAMED --add-opens=java.base/java.net=ALL-UNNAMED --add-opens=java.base/java.util.concurrent.atomic=ALL-UNNAMED -Xmx2048m -Dfile.encoding=UTF-8 -Duser.country=US -Duser.language=en -Duser.variant org.gradle.launcher.daemon.bootstrap.GradleDaemon 7.0.2

Host: Intel(R) Core(TM) i3-1005G1 CPU @ 1.20GHz, 4 cores, 7G,  Windows 10 , 64 bit Build 19041 (10.0.19041.1023)
Time: Fri Aug 13 00:05:28 2021 Sri Lanka Standard Time elapsed time: 3243 seconds (0d 0h 54m 3s)

---------------  T H R E A D  ---------------

Current thread (0x000001dc70017000):  VMThread "VM Thread" [stack: 0x0000009a81100000,0x0000009a81200000] [id=2040]

Stack: [0x0000009a81100000,0x0000009a81200000]
[error occurred during error reporting (printing stack bounds), id 0xc0000005, EXCEPTION_ACCESS_VIOLATION (0xc0000005) at pc=0x000001dc59800f67]

Native frames: (J=compiled Java code, j=interpreted, Vv=VM code, C=native code)
V  [jvm.dll+0x5de50a]
V  [jvm.dll+0x7122f5]
V  [jvm.dll+0x71384d]
V  [jvm.dll+0x713e65]
V  [jvm.dll+0x713e1b]
V  [jvm.dll+0x5dd958]
V  [jvm.dll+0x5de0f8]
C  [ntdll.dll+0xa217f]
C  [ntdll.dll+0x51454]
C  [ntdll.dll+0xa0cae]
C  0x000001dc59800f67

VM_Operation (0x0000009a83cf8a00): G1CollectForAllocation, mode: safepoint, requested by thread 0x000001dc775e5800


---------------  P R O C E S S  ---------------

Threads class SMR info:
_java_thread_list=0x000001dc76430b90, length=52, elements={
0x000001dc55e7a000, 0x000001dc7001e000, 0x000001dc70028000, 0x000001dc709b2800,
0x000001dc70036000, 0x000001dc70038000, 0x000001dc70040800, 0x000001dc70042800,
0x000001dc70ae0000, 0x000001dc70b00000, 0x000001dc71e8b800, 0x000001dc70c22000,
0x000001dc736e2000, 0x000001dc7342c800, 0x000001dc7342d800, 0x000001dc7342f000,
0x000001dc7342a800, 0x000001dc73429800, 0x000001dc7342c000, 0x000001dc7342e800,
0x000001dc73430000, 0x000001dc72cae800, 0x000001dc72cb1000, 0x000001dc72cab800,
0x000001dc7715e000, 0x000001dc7715f800, 0x000001dc77160800, 0x000001dc7715b800,
0x000001dc7715c800, 0x000001dc77167000, 0x000001dc77168800, 0x000001dc77167800,
0x000001dc77165000, 0x000001dc77169800, 0x000001dc72caf800, 0x000001dc72cb0000,
0x000001dc72cac000, 0x000001dc72cae000, 0x000001dc7342b000, 0x000001dc775e4800,
0x000001dc775e6800, 0x000001dc775e5800, 0x000001dc775e3000, 0x000001dc775e4000,
0x000001dc775e7000, 0x000001dc775e8000, 0x000001dc775e2800, 0x000001dc775eb800,
0x000001dc775ee800, 0x000001dc775ed000, 0x000001dc775ed800, 0x000001dc775ef800
}

Java Threads: ( => current thread )
  0x000001dc55e7a000 JavaThread "main" [_thread_blocked, id=1508, stack(0x0000009a80b00000,0x0000009a80c00000)]
  0x000001dc7001e000 JavaThread "Reference Handler" daemon [_thread_blocked, id=10264, stack(0x0000009a81200000,0x0000009a81300000)]
  0x000001dc70028000 JavaThread "Finalizer" daemon [_thread_blocked, id=1512, stack(0x0000009a81300000,0x0000009a81400000)]
  0x000001dc709b2800 JavaThread "Signal Dispatcher" daemon [_thread_blocked, id=6204, stack(0x0000009a81400000,0x0000009a81500000)]
  0x000001dc70036000 JavaThread "Attach Listener" daemon [_thread_blocked, id=8436, stack(0x0000009a81500000,0x0000009a81600000)]
  0x000001dc70038000 JavaThread "C2 CompilerThread0" daemon [_thread_blocked, id=1456, stack(0x0000009a81600000,0x0000009a81700000)]
  0x000001dc70040800 JavaThread "C1 CompilerThread0" daemon [_thread_blocked, id=11832, stack(0x0000009a81700000,0x0000009a81800000)]
  0x000001dc70042800 JavaThread "Sweeper thread" daemon [_thread_blocked, id=236, stack(0x0000009a81800000,0x0000009a81900000)]
  0x000001dc70ae0000 JavaThread "Common-Cleaner" daemon [_thread_blocked, id=6304, stack(0x0000009a81900000,0x0000009a81a00000)]
  0x000001dc70b00000 JavaThread "Service Thread" daemon [_thread_blocked, id=4892, stack(0x0000009a81a00000,0x0000009a81b00000)]
  0x000001dc71e8b800 JavaThread "Daemon health stats" [_thread_blocked, id=7860, stack(0x0000009a81f00000,0x0000009a82000000)]
  0x000001dc70c22000 JavaThread "Incoming local TCP Connector on port 51043" [_thread_in_native, id=7792, stack(0x0000009a81c00000,0x0000009a81d00000)]
  0x000001dc736e2000 JavaThread "Daemon periodic checks" [_thread_blocked, id=5776, stack(0x0000009a82000000,0x0000009a82100000)]
  0x000001dc7342c800 JavaThread "Cache worker for file hash cache (C:\Users\layan\.gradle\caches\7.0.2\fileHashes)" [_thread_blocked, id=11600, stack(0x0000009a82500000,0x0000009a82600000)]
  0x000001dc7342d800 JavaThread "File lock request listener" [_thread_in_native, id=940, stack(0x0000009a82900000,0x0000009a82a00000)]
  0x000001dc7342f000 JavaThread "Cache worker for journal cache (C:\Users\layan\.gradle\caches\journal-1)" [_thread_blocked, id=9976, stack(0x0000009a82b00000,0x0000009a82c00000)]
  0x000001dc7342a800 JavaThread "File watcher server" daemon [_thread_in_native, id=11640, stack(0x0000009a82e00000,0x0000009a82f00000)]
  0x000001dc73429800 JavaThread "File watcher consumer" daemon [_thread_blocked, id=5412, stack(0x0000009a82f00000,0x0000009a83000000)]
  0x000001dc7342c000 JavaThread "jar transforms" [_thread_blocked, id=11528, stack(0x0000009a83000000,0x0000009a83100000)]
  0x000001dc7342e800 JavaThread "jar transforms Thread 2" [_thread_blocked, id=6388, stack(0x0000009a82c00000,0x0000009a82d00000)]
  0x000001dc73430000 JavaThread "jar transforms Thread 3" [_thread_blocked, id=11852, stack(0x0000009a83100000,0x0000009a83200000)]
  0x000001dc72cae800 JavaThread "jar transforms Thread 4" [_thread_blocked, id=1648, stack(0x0000009a83200000,0x0000009a83300000)]
  0x000001dc72cb1000 JavaThread "Cache worker for execution history cache (C:\Users\layan\.gradle\caches\7.0.2\executionHistory)" [_thread_blocked, id=2648, stack(0x0000009a83700000,0x0000009a83800000)]
  0x000001dc72cab800 JavaThread "Cache worker for file content cache (C:\Users\layan\.gradle\caches\7.0.2\fileContent)" [_thread_blocked, id=10040, stack(0x0000009a83800000,0x0000009a83900000)]
  0x000001dc7715e000 JavaThread "Memory manager" [_thread_blocked, id=5720, stack(0x0000009a80900000,0x0000009a80a00000)]
  0x000001dc7715f800 JavaThread "Daemon Thread 2" [_thread_blocked, id=12064, stack(0x0000009a80800000,0x0000009a80900000)]
  0x000001dc77160800 JavaThread "Handler for socket connection from /127.0.0.1:51043 to /127.0.0.1:61852" [_thread_in_native, id=3052, stack(0x0000009a80a00000,0x0000009a80b00000)]
  0x000001dc7715b800 JavaThread "Cancel handler" [_thread_blocked, id=12000, stack(0x0000009a82100000,0x0000009a82200000)]
  0x000001dc7715c800 JavaThread "Daemon worker Thread 2" [_thread_blocked, id=11452, stack(0x0000009a82200000,0x0000009a82300000)]
  0x000001dc77167000 JavaThread "Asynchronous log dispatcher for DefaultDaemonConnection: socket connection from /127.0.0.1:51043 to /127.0.0.1:61852" [_thread_blocked, id=9552, stack(0x0000009a82300000,0x0000009a82400000)]
  0x000001dc77168800 JavaThread "Stdin handler" [_thread_blocked, id=4796, stack(0x0000009a82400000,0x0000009a82500000)]
  0x000001dc77167800 JavaThread "Daemon client event forwarder" [_thread_blocked, id=9764, stack(0x0000009a82600000,0x0000009a82700000)]
  0x000001dc77165000 JavaThread "Cache worker for file hash cache (C:\Users\layan\AndroidStudioProjects\FitPal\.gradle\7.0.2\fileHashes)" [_thread_blocked, id=4208, stack(0x0000009a82700000,0x0000009a82800000)]
  0x000001dc77169800 JavaThread "Cache worker for checksums cache (C:\Users\layan\AndroidStudioProjects\FitPal\.gradle\checksums)" [_thread_blocked, id=11256, stack(0x0000009a82d00000,0x0000009a82e00000)]
  0x000001dc72caf800 JavaThread "Cache worker for cache directory md-supplier (C:\Users\layan\.gradle\caches\7.0.2\md-supplier)" [_thread_blocked, id=9960, stack(0x0000009a83300000,0x0000009a83400000)]
  0x000001dc72cb0000 JavaThread "Cache worker for cache directory md-rule (C:\Users\layan\.gradle\caches\7.0.2\md-rule)" [_thread_blocked, id=2168, stack(0x0000009a83400000,0x0000009a83500000)]
  0x000001dc72cac000 JavaThread "Cache worker for dependencies-accessors (C:\Users\layan\AndroidStudioProjects\FitPal\.gradle\7.0.2\dependencies-accessors)" [_thread_blocked, id=3644, stack(0x0000009a83500000,0x0000009a83600000)]
  0x000001dc72cae000 JavaThread "Cache worker for Build Output Cleanup Cache (C:\Users\layan\AndroidStudioProjects\FitPal\.gradle\buildOutputCleanup)" [_thread_blocked, id=7816, stack(0x0000009a83600000,0x0000009a83700000)]
  0x000001dc7342b000 JavaThread "Build operations" [_thread_blocked, id=564, stack(0x0000009a83900000,0x0000009a83a00000)]
  0x000001dc775e4800 JavaThread "Build operations Thread 2" [_thread_blocked, id=8200, stack(0x0000009a83a00000,0x0000009a83b00000)]
  0x000001dc775e6800 JavaThread "Build operations Thread 3" [_thread_blocked, id=8444, stack(0x0000009a83b00000,0x0000009a83c00000)]
  0x000001dc775e5800 JavaThread "Build operations Thread 4" [_thread_blocked, id=1728, stack(0x0000009a83c00000,0x0000009a83d00000)]
  0x000001dc775e3000 JavaThread "build event listener" [_thread_blocked, id=10140, stack(0x0000009a83d00000,0x0000009a83e00000)]
  0x000001dc775e4000 JavaThread "build event listener" [_thread_blocked, id=5828, stack(0x0000009a83e00000,0x0000009a83f00000)]
  0x000001dc775e7000 JavaThread "Execution worker for ':'" [_thread_blocked, id=7276, stack(0x0000009a83f00000,0x0000009a84000000)]
  0x000001dc775e8000 JavaThread "Execution worker for ':' Thread 2" [_thread_blocked, id=9912, stack(0x0000009a84000000,0x0000009a84100000)]
  0x000001dc775e2800 JavaThread "Execution worker for ':' Thread 3" [_thread_blocked, id=5648, stack(0x0000009a84100000,0x0000009a84200000)]
  0x000001dc775eb800 JavaThread "Cache worker for execution history cache (C:\Users\layan\AndroidStudioProjects\FitPal\.gradle\7.0.2\executionHistory)" [_thread_blocked, id=4000, stack(0x0000009a84200000,0x0000009a84300000)]
  0x000001dc775ee800 JavaThread "WorkerExecutor Queue" [_thread_blocked, id=1744, stack(0x0000009a84300000,0x0000009a84400000)]
  0x000001dc775ed000 JavaThread "WorkerExecutor Queue Thread 2" [_thread_blocked, id=8008, stack(0x0000009a84400000,0x0000009a84500000)]
  0x000001dc775ed800 JavaThread "WorkerExecutor Queue Thread 3" [_thread_blocked, id=11868, stack(0x0000009a84500000,0x0000009a84600000)]
  0x000001dc775ef800 JavaThread "WorkerExecutor Queue Thread 4" [_thread_blocked, id=2116, stack(0x0000009a84600000,0x0000009a84700000)]

Other Threads:
=>0x000001dc70017000 VMThread "VM Thread" [stack: 0x0000009a81100000,0x0000009a81200000] [id=2040]
  0x000001dc70b49800 WatcherThread [stack: 0x0000009a81b00000,0x0000009a81c00000] [id=7224]
  0x000001dc55e95800 GCTaskThread "GC Thread#0" [stack: 0x0000009a80c00000,0x0000009a80d00000] [id=11456]
  0x000001dc7163a000 GCTaskThread "GC Thread#1" [stack: 0x0000009a81d00000,0x0000009a81e00000] [id=11536]
  0x000001dc70e62000 GCTaskThread "GC Thread#2" [stack: 0x0000009a81e00000,0x0000009a81f00000] [id=8788]
  0x000001dc71c54800 GCTaskThread "GC Thread#3" [stack: 0x0000009a82a00000,0x0000009a82b00000] [id=4064]
  0x000001dc55ec5800 ConcurrentGCThread "G1 Main Marker" [stack: 0x0000009a80d00000,0x0000009a80e00000] [id=6340]
  0x000001dc55ec7800 ConcurrentGCThread "G1 Conc#0" [stack: 0x0000009a80e00000,0x0000009a80f00000] [id=9548]
  0x000001dc55f52800 ConcurrentGCThread "G1 Refine#0" [stack: 0x0000009a80f00000,0x0000009a81000000] [id=5596]
  0x000001dc55f55800 ConcurrentGCThread "G1 Young RemSet Sampling" [stack: 0x0000009a81000000,0x0000009a81100000] [id=8372]

Threads with active compile tasks:
C2 CompilerThread03243142 27882   !   4       com.android.tools.r8.utils.K::a (116 bytes)
C1 CompilerThread03243142 27927 % !   3       com.android.tools.r8.graph.p::a @ 1245 (1530 bytes)

VM state:at safepoint (normal execution)

VM Mutex/Monitor currently owned by a thread:  ([mutex/lock_event])
[0x000001dc55e78c10] Threads_lock - owner thread: 0x000001dc70017000
[0x000001dc55e793f0] Heap_lock - owner thread: 0x000001dc775e5800

Heap address: 0x0000000080000000, size: 2048 MB, Compressed Oops mode: 32-bit
Narrow klass base: 0x0000000000000000, Narrow klass shift: 3
Compressed class space size: 1073741824 Address: 0x0000000100000000

Heap:
 garbage-first heap   total 417792K, used 147473K [0x0000000080000000, 0x0000000100000000)
  region size 1024K, 2 young (2048K), 2 survivors (2048K)
 Metaspace       used 159477K, capacity 163122K, committed 163672K, reserved 1191936K
  class space    used 19585K, capacity 20858K, committed 20992K, reserved 1048576K
Heap Regions: E=young(eden), S=young(survivor), O=old, HS=humongous(starts), HC=humongous(continues), CS=collection set, F=free, A=archive, TAMS=top-at-mark-start (previous, next)
|   0|0x0000000080000000, 0x0000000080100000, 0x0000000080100000|100%| O|  |TAMS 0x0000000080100000, 0x0000000080100000| Untracked 
|   1|0x0000000080100000, 0x0000000080200000, 0x0000000080200000|100%| O|  |TAMS 0x0000000080200000, 0x0000000080200000| Untracked 
|   2|0x0000000080200000, 0x0000000080300000, 0x0000000080300000|100%| O|  |TAMS 0x0000000080300000, 0x0000000080300000| Untracked 
|   3|0x0000000080300000, 0x0000000080400000, 0x0000000080400000|100%|HS|  |TAMS 0x0000000080400000, 0x0000000080400000| Complete 
|   4|0x0000000080400000, 0x0000000080500000, 0x0000000080500000|100%|HC|  |TAMS 0x0000000080500000, 0x0000000080500000| Complete 
|   5|0x0000000080500000, 0x0000000080600000, 0x0000000080600000|100%|HC|  |TAMS 0x0000000080600000, 0x0000000080600000| Complete 
|   6|0x0000000080600000, 0x0000000080700000, 0x0000000080700000|100%| O|  |TAMS 0x0000000080700000, 0x0000000080700000| Untracked 
|   7|0x0000000080700000, 0x0000000080800000, 0x0000000080800000|100%| O|  |TAMS 0x0000000080800000, 0x0000000080800000| Untracked 
|   8|0x0000000080800000, 0x0000000080900000, 0x0000000080900000|100%| O|  |TAMS 0x0000000080900000, 0x0000000080900000| Untracked 
|   9|0x0000000080900000, 0x0000000080a00000, 0x0000000080a00000|100%|HS|  |TAMS 0x0000000080a00000, 0x0000000080a00000| Complete 
|  10|0x0000000080a00000, 0x0000000080b00000, 0x0000000080b00000|100%|HC|  |TAMS 0x0000000080b00000, 0x0000000080b00000| Complete 
|  11|0x0000000080b00000, 0x0000000080c00000, 0x0000000080c00000|100%|HS|  |TAMS 0x0000000080c00000, 0x0000000080c00000| Complete 
|  12|0x0000000080c00000, 0x0000000080d00000, 0x0000000080d00000|100%|HC|  |TAMS 0x0000000080d00000, 0x0000000080d00000| Complete 
|  13|0x0000000080d00000, 0x0000000080e00000, 0x0000000080e00000|100%|HC|  |TAMS 0x0000000080e00000, 0x0000000080e00000| Complete 
|  14|0x0000000080e00000, 0x0000000080f00000, 0x0000000080f00000|100%|HS|  |TAMS 0x0000000080f00000, 0x0000000080f00000| Complete 
|  15|0x0000000080f00000, 0x0000000081000000, 0x0000000081000000|100%|HC|  |TAMS 0x0000000081000000, 0x0000000081000000| Complete 
|  16|0x0000000081000000, 0x0000000081100000, 0x0000000081100000|100%|HC|  |TAMS 0x0000000081100000, 0x0000000081100000| Complete 
|  17|0x0000000081100000, 0x0000000081200000, 0x0000000081200000|100%|HC|  |TAMS 0x0000000081200000, 0x0000000081200000| Complete 
|  18|0x0000000081200000, 0x0000000081300000, 0x0000000081300000|100%| O|  |TAMS 0x0000000081300000, 0x0000000081300000| Untracked 
|  19|0x0000000081300000, 0x0000000081400000, 0x0000000081400000|100%| O|  |TAMS 0x0000000081400000, 0x0000000081400000| Untracked 
|  20|0x0000000081400000, 0x0000000081500000, 0x0000000081500000|100%| O|  |TAMS 0x0000000081500000, 0x0000000081500000| Untracked 
|  21|0x0000000081500000, 0x0000000081600000, 0x0000000081600000|100%| O|  |TAMS 0x0000000081600000, 0x0000000081600000| Untracked 
|  22|0x0000000081600000, 0x0000000081700000, 0x0000000081700000|100%| O|  |TAMS 0x0000000081700000, 0x0000000081700000| Untracked 
|  23|0x0000000081700000, 0x0000000081800000, 0x0000000081800000|100%| O|  |TAMS 0x0000000081800000, 0x0000000081800000| Untracked 
|  24|0x0000000081800000, 0x0000000081900000, 0x0000000081900000|100%| O|  |TAMS 0x0000000081900000, 0x0000000081900000| Untracked 
|  25|0x0000000081900000, 0x0000000081a00000, 0x0000000081a00000|100%| O|  |TAMS 0x0000000081a00000, 0x0000000081a00000| Untracked 
|  26|0x0000000081a00000, 0x0000000081b00000, 0x0000000081b00000|100%| O|  |TAMS 0x0000000081b00000, 0x0000000081b00000| Untracked 
|  27|0x0000000081b00000, 0x0000000081c00000, 0x0000000081c00000|100%| O|  |TAMS 0x0000000081c00000, 0x0000000081c00000| Untracked 
|  28|0x0000000081c00000, 0x0000000081d00000, 0x0000000081d00000|100%| O|  |TAMS 0x0000000081d00000, 0x0000000081d00000| Untracked 
|  29|0x0000000081d00000, 0x0000000081e00000, 0x0000000081e00000|100%| O|  |TAMS 0x0000000081e00000, 0x0000000081e00000| Untracked 
|  30|0x0000000081e00000, 0x0000000081f00000, 0x0000000081f00000|100%| O|  |TAMS 0x0000000081f00000, 0x0000000081f00000| Untracked 
|  31|0x0000000081f00000, 0x0000000082000000, 0x0000000082000000|100%| O|  |TAMS 0x0000000082000000, 0x0000000082000000| Untracked 
|  32|0x0000000082000000, 0x0000000082100000, 0x0000000082100000|100%| O|  |TAMS 0x0000000082100000, 0x0000000082100000| Untracked 
|  33|0x0000000082100000, 0x0000000082200000, 0x0000000082200000|100%| O|  |TAMS 0x0000000082200000, 0x0000000082200000| Untracked 
|  34|0x0000000082200000, 0x0000000082300000, 0x0000000082300000|100%|HS|  |TAMS 0x0000000082300000, 0x0000000082300000| Complete 
|  35|0x0000000082300000, 0x0000000082400000, 0x0000000082400000|100%|HC|  |TAMS 0x0000000082400000, 0x0000000082400000| Complete 
|  36|0x0000000082400000, 0x0000000082500000, 0x0000000082500000|100%|HC|  |TAMS 0x0000000082500000, 0x0000000082500000| Complete 
|  37|0x0000000082500000, 0x0000000082600000, 0x0000000082600000|100%|HC|  |TAMS 0x0000000082600000, 0x0000000082600000| Complete 
|  38|0x0000000082600000, 0x0000000082700000, 0x0000000082700000|100%|HS|  |TAMS 0x0000000082700000, 0x0000000082700000| Complete 
|  39|0x0000000082700000, 0x0000000082800000, 0x0000000082800000|100%| O|  |TAMS 0x0000000082800000, 0x0000000082800000| Untracked 
|  40|0x0000000082800000, 0x0000000082900000, 0x0000000082900000|100%| O|  |TAMS 0x0000000082900000, 0x0000000082900000| Untracked 
|  41|0x0000000082900000, 0x0000000082a00000, 0x0000000082a00000|100%| O|  |TAMS 0x0000000082a00000, 0x0000000082a00000| Untracked 
|  42|0x0000000082a00000, 0x0000000082b00000, 0x0000000082b00000|100%| O|  |TAMS 0x0000000082b00000, 0x0000000082b00000| Untracked 
|  43|0x0000000082b00000, 0x0000000082c00000, 0x0000000082c00000|100%| O|  |TAMS 0x0000000082c00000, 0x0000000082c00000| Untracked 
|  44|0x0000000082c00000, 0x0000000082d00000, 0x0000000082d00000|100%| O|  |TAMS 0x0000000082d00000, 0x0000000082d00000| Untracked 
|  45|0x0000000082d00000, 0x0000000082e00000, 0x0000000082e00000|100%| O|  |TAMS 0x0000000082e00000, 0x0000000082e00000| Untracked 
|  46|0x0000000082e00000, 0x0000000082f00000, 0x0000000082f00000|100%| O|  |TAMS 0x0000000082f00000, 0x0000000082f00000| Untracked 
|  47|0x0000000082f00000, 0x0000000083000000, 0x0000000083000000|100%| O|  |TAMS 0x0000000083000000, 0x0000000083000000| Untracked 
|  48|0x0000000083000000, 0x0000000083100000, 0x0000000083100000|100%| O|  |TAMS 0x0000000083100000, 0x0000000083100000| Untracked 
|  49|0x0000000083100000, 0x0000000083200000, 0x0000000083200000|100%| O|  |TAMS 0x0000000083200000, 0x0000000083200000| Untracked 
|  50|0x0000000083200000, 0x0000000083300000, 0x0000000083300000|100%| O|  |TAMS 0x0000000083300000, 0x0000000083300000| Untracked 
|  51|0x0000000083300000, 0x0000000083400000, 0x0000000083400000|100%| O|  |TAMS 0x0000000083400000, 0x0000000083400000| Untracked 
|  52|0x0000000083400000, 0x0000000083500000, 0x0000000083500000|100%|HS|  |TAMS 0x0000000083500000, 0x0000000083500000| Complete 
|  53|0x0000000083500000, 0x0000000083600000, 0x0000000083600000|100%|HC|  |TAMS 0x0000000083600000, 0x0000000083600000| Complete 
|  54|0x0000000083600000, 0x0000000083700000, 0x0000000083700000|100%|HC|  |TAMS 0x0000000083700000, 0x0000000083700000| Complete 
|  55|0x0000000083700000, 0x0000000083700000, 0x0000000083800000|  0%| F|  |TAMS 0x0000000083700000, 0x0000000083700000| Untracked 
|  56|0x0000000083800000, 0x0000000083900000, 0x0000000083900000|100%| O|  |TAMS 0x0000000083900000, 0x0000000083900000| Untracked 
|  57|0x0000000083900000, 0x0000000083a00000, 0x0000000083a00000|100%| O|  |TAMS 0x0000000083a00000, 0x0000000083a00000| Untracked 
|  58|0x0000000083a00000, 0x0000000083b00000, 0x0000000083b00000|100%| O|  |TAMS 0x0000000083b00000, 0x0000000083b00000| Untracked 
|  59|0x0000000083b00000, 0x0000000083c00000, 0x0000000083c00000|100%| O|  |TAMS 0x0000000083c00000, 0x0000000083c00000| Untracked 
|  60|0x0000000083c00000, 0x0000000083d00000, 0x0000000083d00000|100%| O|  |TAMS 0x0000000083d00000, 0x0000000083d00000| Untracked 
|  61|0x0000000083d00000, 0x0000000083e00000, 0x0000000083e00000|100%| O|  |TAMS 0x0000000083e00000, 0x0000000083e00000| Untracked 
|  62|0x0000000083e00000, 0x0000000083f00000, 0x0000000083f00000|100%| O|  |TAMS 0x0000000083f00000, 0x0000000083f00000| Untracked 
|  63|0x0000000083f00000, 0x0000000083f00000, 0x0000000084000000|  0%| F|  |TAMS 0x0000000083f00000, 0x0000000083f00000| Untracked 
|  64|0x0000000084000000, 0x0000000084100000, 0x0000000084100000|100%| O|  |TAMS 0x0000000084100000, 0x0000000084100000| Untracked 
|  65|0x0000000084100000, 0x0000000084200000, 0x0000000084200000|100%| O|  |TAMS 0x0000000084200000, 0x0000000084200000| Untracked 
|  66|0x0000000084200000, 0x0000000084300000, 0x0000000084300000|100%| O|  |TAMS 0x0000000084300000, 0x0000000084300000| Untracked 
|  67|0x0000000084300000, 0x0000000084300000, 0x0000000084400000|  0%| F|  |TAMS 0x0000000084300000, 0x0000000084300000| Untracked 
|  68|0x0000000084400000, 0x0000000084500000, 0x0000000084500000|100%|HS|  |TAMS 0x0000000084500000, 0x0000000084500000| Complete 
|  69|0x0000000084500000, 0x0000000084600000, 0x0000000084600000|100%|HS|  |TAMS 0x0000000084600000, 0x0000000084600000| Complete 
|  70|0x0000000084600000, 0x0000000084700000, 0x0000000084700000|100%|HS|  |TAMS 0x0000000084700000, 0x0000000084700000| Complete 
|  71|0x0000000084700000, 0x0000000084800000, 0x0000000084800000|100%|HC|  |TAMS 0x0000000084800000, 0x0000000084800000| Complete 
|  72|0x0000000084800000, 0x0000000084800000, 0x0000000084900000|  0%| F|  |TAMS 0x0000000084800000, 0x0000000084800000| Untracked 
|  73|0x0000000084900000, 0x0000000084a00000, 0x0000000084a00000|100%| O|  |TAMS 0x0000000084a00000, 0x0000000084a00000| Untracked 
|  74|0x0000000084a00000, 0x0000000084b00000, 0x0000000084b00000|100%| O|  |TAMS 0x0000000084b00000, 0x0000000084b00000| Untracked 
|  75|0x0000000084b00000, 0x0000000084c00000, 0x0000000084c00000|100%| O|  |TAMS 0x0000000084c00000, 0x0000000084c00000| Untracked 
|  76|0x0000000084c00000, 0x0000000084d00000, 0x0000000084d00000|100%| O|  |TAMS 0x0000000084d00000, 0x0000000084d00000| Untracked 
|  77|0x0000000084d00000, 0x0000000084e00000, 0x0000000084e00000|100%| O|  |TAMS 0x0000000084e00000, 0x0000000084e00000| Untracked 
|  78|0x0000000084e00000, 0x0000000084f00000, 0x0000000084f00000|100%| O|  |TAMS 0x0000000084f00000, 0x0000000084f00000| Untracked 
|  79|0x0000000084f00000, 0x0000000085000000, 0x0000000085000000|100%| O|  |TAMS 0x0000000085000000, 0x0000000085000000| Untracked 
|  80|0x0000000085000000, 0x0000000085100000, 0x0000000085100000|100%| O|  |TAMS 0x0000000085100000, 0x0000000085100000| Untracked 
|  81|0x0000000085100000, 0x0000000085200000, 0x0000000085200000|100%| O|  |TAMS 0x0000000085200000, 0x0000000085200000| Untracked 
|  82|0x0000000085200000, 0x0000000085300000, 0x0000000085300000|100%| O|  |TAMS 0x0000000085300000, 0x0000000085300000| Untracked 
|  83|0x0000000085300000, 0x0000000085400000, 0x0000000085400000|100%| O|  |TAMS 0x0000000085400000, 0x0000000085400000| Untracked 
|  84|0x0000000085400000, 0x0000000085500000, 0x0000000085500000|100%| O|  |TAMS 0x0000000085500000, 0x0000000085500000| Untracked 
|  85|0x0000000085500000, 0x0000000085500000, 0x0000000085600000|  0%| F|  |TAMS 0x0000000085500000, 0x0000000085500000| Untracked 
|  86|0x0000000085600000, 0x0000000085600000, 0x0000000085700000|  0%| F|  |TAMS 0x0000000085600000, 0x0000000085600000| Untracked 
|  87|0x0000000085700000, 0x0000000085700000, 0x0000000085800000|  0%| F|  |TAMS 0x0000000085700000, 0x0000000085700000| Untracked 
|  88|0x0000000085800000, 0x0000000085900000, 0x0000000085900000|100%| O|  |TAMS 0x0000000085900000, 0x0000000085900000| Untracked 
|  89|0x0000000085900000, 0x0000000085a00000, 0x0000000085a00000|100%| O|  |TAMS 0x0000000085a00000, 0x0000000085a00000| Untracked 
|  90|0x0000000085a00000, 0x0000000085b00000, 0x0000000085b00000|100%| O|  |TAMS 0x0000000085b00000, 0x0000000085b00000| Untracked 
|  91|0x0000000085b00000, 0x0000000085c00000, 0x0000000085c00000|100%| O|  |TAMS 0x0000000085c00000, 0x0000000085c00000| Untracked 
|  92|0x0000000085c00000, 0x0000000085d00000, 0x0000000085d00000|100%| O|  |TAMS 0x0000000085d00000, 0x0000000085d00000| Untracked 
|  93|0x0000000085d00000, 0x0000000085e00000, 0x0000000085e00000|100%| O|  |TAMS 0x0000000085e00000, 0x0000000085e00000| Untracked 
|  94|0x0000000085e00000, 0x0000000085e00000, 0x0000000085f00000|  0%| F|  |TAMS 0x0000000085e00000, 0x0000000085e00000| Untracked 
|  95|0x0000000085f00000, 0x0000000086000000, 0x0000000086000000|100%| O|  |TAMS 0x0000000086000000, 0x0000000086000000| Untracked 
|  96|0x0000000086000000, 0x0000000086000000, 0x0000000086100000|  0%| F|  |TAMS 0x0000000086000000, 0x0000000086000000| Untracked 
|  97|0x0000000086100000, 0x0000000086200000, 0x0000000086200000|100%| O|  |TAMS 0x0000000086200000, 0x0000000086200000| Untracked 
|  98|0x0000000086200000, 0x0000000086300000, 0x0000000086300000|100%| O|  |TAMS 0x0000000086300000, 0x0000000086300000| Untracked 
|  99|0x0000000086300000, 0x0000000086300000, 0x0000000086400000|  0%| F|  |TAMS 0x0000000086300000, 0x0000000086300000| Untracked 
| 100|0x0000000086400000, 0x0000000086400000, 0x0000000086500000|  0%| F|  |TAMS 0x0000000086400000, 0x0000000086400000| Untracked 
| 101|0x0000000086500000, 0x0000000086600000, 0x0000000086600000|100%| O|  |TAMS 0x0000000086500000, 0x0000000086600000| Untracked 
| 102|0x0000000086600000, 0x0000000086700000, 0x0000000086700000|100%| O|  |TAMS 0x0000000086700000, 0x0000000086700000| Untracked 
| 103|0x0000000086700000, 0x0000000086800000, 0x0000000086800000|100%| O|  |TAMS 0x0000000086800000, 0x0000000086800000| Untracked 
| 104|0x0000000086800000, 0x0000000086800000, 0x0000000086900000|  0%| F|  |TAMS 0x0000000086800000, 0x0000000086800000| Untracked 
| 105|0x0000000086900000, 0x0000000086a00000, 0x0000000086a00000|100%| O|  |TAMS 0x0000000086a00000, 0x0000000086a00000| Untracked 
| 106|0x0000000086a00000, 0x0000000086a00000, 0x0000000086b00000|  0%| F|  |TAMS 0x0000000086a00000, 0x0000000086a00000| Untracked 
| 107|0x0000000086b00000, 0x0000000086c00000, 0x0000000086c00000|100%| O|  |TAMS 0x0000000086c00000, 0x0000000086c00000| Untracked 
| 108|0x0000000086c00000, 0x0000000086c00000, 0x0000000086d00000|  0%| F|  |TAMS 0x0000000086c00000, 0x0000000086c00000| Untracked 
| 109|0x0000000086d00000, 0x0000000086e00000, 0x0000000086e00000|100%| O|  |TAMS 0x0000000086e00000, 0x0000000086e00000| Untracked 
| 110|0x0000000086e00000, 0x0000000086f00000, 0x0000000086f00000|100%| O|  |TAMS 0x0000000086f00000, 0x0000000086f00000| Untracked 
| 111|0x0000000086f00000, 0x0000000087000000, 0x0000000087000000|100%| O|  |TAMS 0x0000000087000000, 0x0000000087000000| Untracked 
| 112|0x0000000087000000, 0x0000000087100000, 0x0000000087100000|100%| O|  |TAMS 0x0000000087100000, 0x0000000087100000| Untracked 
| 113|0x0000000087100000, 0x0000000087200000, 0x0000000087200000|100%| O|  |TAMS 0x0000000087200000, 0x0000000087200000| Untracked 
| 114|0x0000000087200000, 0x0000000087300000, 0x0000000087300000|100%| O|  |TAMS 0x0000000087300000, 0x0000000087300000| Untracked 
| 115|0x0000000087300000, 0x0000000087400000, 0x0000000087400000|100%| O|  |TAMS 0x0000000087400000, 0x0000000087400000| Untracked 
| 116|0x0000000087400000, 0x0000000087500000, 0x0000000087500000|100%| O|  |TAMS 0x0000000087500000, 0x0000000087500000| Untracked 
| 117|0x0000000087500000, 0x0000000087600000, 0x0000000087600000|100%| O|  |TAMS 0x0000000087600000, 0x0000000087600000| Untracked 
| 118|0x0000000087600000, 0x0000000087700000, 0x0000000087700000|100%| O|  |TAMS 0x0000000087700000, 0x0000000087700000| Untracked 
| 119|0x0000000087700000, 0x0000000087800000, 0x0000000087800000|100%| O|  |TAMS 0x0000000087800000, 0x0000000087800000| Untracked 
| 120|0x0000000087800000, 0x0000000087900000, 0x0000000087900000|100%| O|  |TAMS 0x0000000087900000, 0x0000000087900000| Untracked 
| 121|0x0000000087900000, 0x0000000087a00000, 0x0000000087a00000|100%| O|  |TAMS 0x0000000087a00000, 0x0000000087a00000| Untracked 
| 122|0x0000000087a00000, 0x0000000087b00000, 0x0000000087b00000|100%| O|  |TAMS 0x0000000087b00000, 0x0000000087b00000| Untracked 
| 123|0x0000000087b00000, 0x0000000087c00000, 0x0000000087c00000|100%| O|  |TAMS 0x0000000087c00000, 0x0000000087c00000| Untracked 
| 124|0x0000000087c00000, 0x0000000087d00000, 0x0000000087d00000|100%| O|  |TAMS 0x0000000087d00000, 0x0000000087d00000| Untracked 
| 125|0x0000000087d00000, 0x0000000087e00000, 0x0000000087e00000|100%| O|  |TAMS 0x0000000087e00000, 0x0000000087e00000| Untracked 
| 126|0x0000000087e00000, 0x0000000087f00000, 0x0000000087f00000|100%| O|  |TAMS 0x0000000087f00000, 0x0000000087f00000| Untracked 
| 127|0x0000000087f00000, 0x0000000088000000, 0x0000000088000000|100%| O|  |TAMS 0x0000000088000000, 0x0000000088000000| Untracked 
| 128|0x0000000088000000, 0x0000000088100000, 0x0000000088100000|100%| O|  |TAMS 0x0000000088100000, 0x0000000088100000| Untracked 
| 129|0x0000000088100000, 0x0000000088100000, 0x0000000088200000|  0%| F|  |TAMS 0x0000000088100000, 0x0000000088100000| Untracked 
| 130|0x0000000088200000, 0x0000000088300000, 0x0000000088300000|100%| O|  |TAMS 0x000000008825a600, 0x0000000088300000| Untracked 
| 131|0x0000000088300000, 0x0000000088400000, 0x0000000088400000|100%| O|  |TAMS 0x0000000088300000, 0x0000000088400000| Untracked 
| 132|0x0000000088400000, 0x0000000088500000, 0x0000000088500000|100%| O|  |TAMS 0x0000000088400000, 0x0000000088500000| Untracked 
| 133|0x0000000088500000, 0x0000000088600000, 0x0000000088600000|100%| O|  |TAMS 0x0000000088500000, 0x0000000088600000| Untracked 
| 134|0x0000000088600000, 0x0000000088700000, 0x0000000088700000|100%| O|  |TAMS 0x0000000088600000, 0x0000000088700000| Untracked 
| 135|0x0000000088700000, 0x0000000088800000, 0x0000000088800000|100%| O|  |TAMS 0x0000000088800000, 0x0000000088800000| Untracked 
| 136|0x0000000088800000, 0x0000000088900000, 0x0000000088900000|100%| O|  |TAMS 0x0000000088900000, 0x0000000088900000| Untracked 
| 137|0x0000000088900000, 0x0000000088a00000, 0x0000000088a00000|100%| O|  |TAMS 0x0000000088a00000, 0x0000000088a00000| Untracked 
| 138|0x0000000088a00000, 0x0000000088b00000, 0x0000000088b00000|100%| O|  |TAMS 0x0000000088a00000, 0x0000000088b00000| Untracked 
| 139|0x0000000088b00000, 0x0000000088c00000, 0x0000000088c00000|100%| O|  |TAMS 0x0000000088b00000, 0x0000000088c00000| Untracked 
| 140|0x0000000088c00000, 0x0000000088d00000, 0x0000000088d00000|100%| O|  |TAMS 0x0000000088c00000, 0x0000000088d00000| Untracked 
| 141|0x0000000088d00000, 0x0000000088e00000, 0x0000000088e00000|100%| O|  |TAMS 0x0000000088e00000, 0x0000000088e00000| Untracked 
| 142|0x0000000088e00000, 0x0000000088f00000, 0x0000000088f00000|100%| O|  |TAMS 0x0000000088e00000, 0x0000000088f00000| Untracked 
| 143|0x0000000088f00000, 0x0000000089000000, 0x0000000089000000|100%| O|  |TAMS 0x0000000088f00000, 0x0000000089000000| Untracked 
| 144|0x0000000089000000, 0x0000000089100000, 0x0000000089100000|100%| O|  |TAMS 0x0000000089000000, 0x0000000089100000| Untracked 
| 145|0x0000000089100000, 0x0000000089200000, 0x0000000089200000|100%| O|  |TAMS 0x0000000089100000, 0x0000000089200000| Untracked 
| 146|0x0000000089200000, 0x0000000089200000, 0x0000000089300000|  0%| F|  |TAMS 0x0000000089200000, 0x0000000089200000| Untracked 
| 147|0x0000000089300000, 0x0000000089400000, 0x0000000089400000|100%| O|  |TAMS 0x0000000089300000, 0x0000000089400000| Untracked 
| 148|0x0000000089400000, 0x0000000089400000, 0x0000000089500000|  0%| F|  |TAMS 0x0000000089400000, 0x0000000089400000| Untracked 
| 149|0x0000000089500000, 0x0000000089600000, 0x0000000089600000|100%| O|  |TAMS 0x0000000089500000, 0x0000000089600000| Untracked 
| 150|0x0000000089600000, 0x0000000089600000, 0x0000000089700000|  0%| F|  |TAMS 0x0000000089600000, 0x0000000089600000| Untracked 
| 151|0x0000000089700000, 0x0000000089800000, 0x0000000089800000|100%| O|  |TAMS 0x0000000089700000, 0x0000000089800000| Untracked 
| 152|0x0000000089800000, 0x0000000089900000, 0x0000000089900000|100%| O|  |TAMS 0x0000000089800000, 0x0000000089900000| Untracked 
| 153|0x0000000089900000, 0x0000000089900000, 0x0000000089a00000|  0%| F|  |TAMS 0x0000000089900000, 0x0000000089900000| Untracked 
| 154|0x0000000089a00000, 0x0000000089b00000, 0x0000000089b00000|100%| O|  |TAMS 0x0000000089a00000, 0x0000000089b00000| Untracked 
| 155|0x0000000089b00000, 0x0000000089c00000, 0x0000000089c00000|100%| O|  |TAMS 0x0000000089b00000, 0x0000000089c00000| Untracked 
| 156|0x0000000089c00000, 0x0000000089c92a00, 0x0000000089d00000| 57%| O|  |TAMS 0x0000000089c00000, 0x0000000089c92a00| Untracked 
| 157|0x0000000089d00000, 0x0000000089d00000, 0x0000000089e00000|  0%| F|  |TAMS 0x0000000089d00000, 0x0000000089d00000| Untracked 
| 158|0x0000000089e00000, 0x0000000089e00000, 0x0000000089f00000|  0%| F|  |TAMS 0x0000000089e00000, 0x0000000089e00000| Untracked 
| 159|0x0000000089f00000, 0x0000000089f00000, 0x000000008a000000|  0%| F|  |TAMS 0x0000000089f00000, 0x0000000089f00000| Untracked 
| 160|0x000000008a000000, 0x000000008a000000, 0x000000008a100000|  0%| F|  |TAMS 0x000000008a000000, 0x000000008a000000| Untracked 
| 161|0x000000008a100000, 0x000000008a100000, 0x000000008a200000|  0%| F|  |TAMS 0x000000008a100000, 0x000000008a100000| Untracked 
| 162|0x000000008a200000, 0x000000008a200000, 0x000000008a300000|  0%| F|  |TAMS 0x000000008a200000, 0x000000008a200000| Untracked 
| 163|0x000000008a300000, 0x000000008a300000, 0x000000008a400000|  0%| F|  |TAMS 0x000000008a300000, 0x000000008a300000| Untracked 
| 164|0x000000008a400000, 0x000000008a500000, 0x000000008a500000|100%| O|  |TAMS 0x000000008a500000, 0x000000008a500000| Untracked 
| 165|0x000000008a500000, 0x000000008a600000, 0x000000008a600000|100%| O|  |TAMS 0x000000008a600000, 0x000000008a600000| Untracked 
| 166|0x000000008a600000, 0x000000008a700000, 0x000000008a700000|100%| O|  |TAMS 0x000000008a700000, 0x000000008a700000| Untracked 
| 167|0x000000008a700000, 0x000000008a800000, 0x000000008a800000|100%| O|  |TAMS 0x000000008a800000, 0x000000008a800000| Untracked 
| 168|0x000000008a800000, 0x000000008a800000, 0x000000008a900000|  0%| F|  |TAMS 0x000000008a800000, 0x000000008a800000| Untracked 
| 169|0x000000008a900000, 0x000000008aa00000, 0x000000008aa00000|100%| O|  |TAMS 0x000000008aa00000, 0x000000008aa00000| Untracked 
| 170|0x000000008aa00000, 0x000000008aa00000, 0x000000008ab00000|  0%| F|  |TAMS 0x000000008aa00000, 0x000000008aa00000| Untracked 
| 171|0x000000008ab00000, 0x000000008ab00000, 0x000000008ac00000|  0%| F|  |TAMS 0x000000008ab00000, 0x000000008ab00000| Untracked 
| 172|0x000000008ac00000, 0x000000008ac00000, 0x000000008ad00000|  0%| F|  |TAMS 0x000000008ac00000, 0x000000008ac00000| Untracked 
| 173|0x000000008ad00000, 0x000000008ad00000, 0x000000008ae00000|  0%| F|  |TAMS 0x000000008ad00000, 0x000000008ad00000| Untracked 
| 174|0x000000008ae00000, 0x000000008ae00000, 0x000000008af00000|  0%| F|  |TAMS 0x000000008ae00000, 0x000000008ae00000| Untracked 
| 175|0x000000008af00000, 0x000000008af00000, 0x000000008b000000|  0%| F|  |TAMS 0x000000008af00000, 0x000000008af00000| Untracked 
| 176|0x000000008b000000, 0x000000008b000000, 0x000000008b100000|  0%| F|  |TAMS 0x000000008b000000, 0x000000008b000000| Untracked 
| 177|0x000000008b100000, 0x000000008b100000, 0x000000008b200000|  0%| F|  |TAMS 0x000000008b100000, 0x000000008b100000| Untracked 
| 178|0x000000008b200000, 0x000000008b200000, 0x000000008b300000|  0%| F|  |TAMS 0x000000008b200000, 0x000000008b200000| Untracked 
| 179|0x000000008b300000, 0x000000008b300000, 0x000000008b400000|  0%| F|  |TAMS 0x000000008b300000, 0x000000008b300000| Untracked 
| 180|0x000000008b400000, 0x000000008b400000, 0x000000008b500000|  0%| F|  |TAMS 0x000000008b400000, 0x000000008b400000| Untracked 
| 181|0x000000008b500000, 0x000000008b500000, 0x000000008b600000|  0%| F|  |TAMS 0x000000008b500000, 0x000000008b500000| Untracked 
| 182|0x000000008b600000, 0x000000008b600000, 0x000000008b700000|  0%| F|  |TAMS 0x000000008b600000, 0x000000008b600000| Untracked 
| 183|0x000000008b700000, 0x000000008b700000, 0x000000008b800000|  0%| F|  |TAMS 0x000000008b700000, 0x000000008b700000| Untracked 
| 184|0x000000008b800000, 0x000000008b800000, 0x000000008b900000|  0%| F|  |TAMS 0x000000008b800000, 0x000000008b800000| Untracked 
| 185|0x000000008b900000, 0x000000008b900000, 0x000000008ba00000|  0%| F|  |TAMS 0x000000008b900000, 0x000000008b900000| Untracked 
| 186|0x000000008ba00000, 0x000000008ba00000, 0x000000008bb00000|  0%| F|  |TAMS 0x000000008ba00000, 0x000000008ba00000| Untracked 
| 187|0x000000008bb00000, 0x000000008bb00000, 0x000000008bc00000|  0%| F|  |TAMS 0x000000008bb00000, 0x000000008bb00000| Untracked 
| 188|0x000000008bc00000, 0x000000008bc00000, 0x000000008bd00000|  0%| F|  |TAMS 0x000000008bc00000, 0x000000008bc00000| Untracked 
| 189|0x000000008bd00000, 0x000000008bd00000, 0x000000008be00000|  0%| F|  |TAMS 0x000000008bd00000, 0x000000008bd00000| Untracked 
| 190|0x000000008be00000, 0x000000008be00000, 0x000000008bf00000|  0%| F|  |TAMS 0x000000008be00000, 0x000000008be00000| Untracked 
| 191|0x000000008bf00000, 0x000000008bf00000, 0x000000008c000000|  0%| F|  |TAMS 0x000000008bf00000, 0x000000008bf00000| Untracked 
| 192|0x000000008c000000, 0x000000008c000000, 0x000000008c100000|  0%| F|  |TAMS 0x000000008c000000, 0x000000008c000000| Untracked 
| 193|0x000000008c100000, 0x000000008c100000, 0x000000008c200000|  0%| F|  |TAMS 0x000000008c100000, 0x000000008c100000| Untracked 
| 194|0x000000008c200000, 0x000000008c200000, 0x000000008c300000|  0%| F|  |TAMS 0x000000008c200000, 0x000000008c200000| Untracked 
| 195|0x000000008c300000, 0x000000008c300000, 0x000000008c400000|  0%| F|  |TAMS 0x000000008c300000, 0x000000008c300000| Untracked 
| 196|0x000000008c400000, 0x000000008c400000, 0x000000008c500000|  0%| F|  |TAMS 0x000000008c400000, 0x000000008c400000| Untracked 
| 197|0x000000008c500000, 0x000000008c500000, 0x000000008c600000|  0%| F|  |TAMS 0x000000008c500000, 0x000000008c500000| Untracked 
| 198|0x000000008c600000, 0x000000008c600000, 0x000000008c700000|  0%| F|  |TAMS 0x000000008c600000, 0x000000008c600000| Untracked 
| 199|0x000000008c700000, 0x000000008c700000, 0x000000008c800000|  0%| F|  |TAMS 0x000000008c700000, 0x000000008c700000| Untracked 
| 200|0x000000008c800000, 0x000000008c800000, 0x000000008c900000|  0%| F|  |TAMS 0x000000008c800000, 0x000000008c800000| Untracked 
| 201|0x000000008c900000, 0x000000008c900000, 0x000000008ca00000|  0%| F|  |TAMS 0x000000008c900000, 0x000000008c900000| Untracked 
| 202|0x000000008ca00000, 0x000000008ca00000, 0x000000008cb00000|  0%| F|  |TAMS 0x000000008ca00000, 0x000000008ca00000| Untracked 
| 203|0x000000008cb00000, 0x000000008cb00000, 0x000000008cc00000|  0%| F|  |TAMS 0x000000008cb00000, 0x000000008cb00000| Untracked 
| 204|0x000000008cc00000, 0x000000008cc00000, 0x000000008cd00000|  0%| F|  |TAMS 0x000000008cc00000, 0x000000008cc00000| Untracked 
| 205|0x000000008cd00000, 0x000000008cd00000, 0x000000008ce00000|  0%| F|  |TAMS 0x000000008cd00000, 0x000000008cd00000| Untracked 
| 206|0x000000008ce00000, 0x000000008ce00000, 0x000000008cf00000|  0%| F|  |TAMS 0x000000008ce00000, 0x000000008ce00000| Untracked 
| 207|0x000000008cf00000, 0x000000008cf71cf0, 0x000000008d000000| 44%| S|CS|TAMS 0x000000008cf00000, 0x000000008cf00000| Complete 
| 208|0x000000008d000000, 0x000000008d100000, 0x000000008d100000|100%| S|CS|TAMS 0x000000008d000000, 0x000000008d000000| Complete 
| 209|0x000000008d100000, 0x000000008d100000, 0x000000008d200000|  0%| F|  |TAMS 0x000000008d100000, 0x000000008d100000| Untracked 
| 210|0x000000008d200000, 0x000000008d200000, 0x000000008d300000|  0%| F|  |TAMS 0x000000008d200000, 0x000000008d200000| Untracked 
| 211|0x000000008d300000, 0x000000008d300000, 0x000000008d400000|  0%| F|  |TAMS 0x000000008d300000, 0x000000008d300000| Untracked 
| 212|0x000000008d400000, 0x000000008d400000, 0x000000008d500000|  0%| F|  |TAMS 0x000000008d400000, 0x000000008d400000| Untracked 
| 213|0x000000008d500000, 0x000000008d500000, 0x000000008d600000|  0%| F|  |TAMS 0x000000008d500000, 0x000000008d500000| Untracked 
| 214|0x000000008d600000, 0x000000008d600000, 0x000000008d700000|  0%| F|  |TAMS 0x000000008d600000, 0x000000008d600000| Untracked 
| 215|0x000000008d700000, 0x000000008d700000, 0x000000008d800000|  0%| F|  |TAMS 0x000000008d700000, 0x000000008d700000| Untracked 
| 216|0x000000008d800000, 0x000000008d800000, 0x000000008d900000|  0%| F|  |TAMS 0x000000008d800000, 0x000000008d800000| Untracked 
| 217|0x000000008d900000, 0x000000008d900000, 0x000000008da00000|  0%| F|  |TAMS 0x000000008d900000, 0x000000008d900000| Untracked 
| 218|0x000000008da00000, 0x000000008da00000, 0x000000008db00000|  0%| F|  |TAMS 0x000000008da00000, 0x000000008da00000| Untracked 
| 219|0x000000008db00000, 0x000000008db00000, 0x000000008dc00000|  0%| F|  |TAMS 0x000000008db00000, 0x000000008db00000| Untracked 
| 220|0x000000008dc00000, 0x000000008dc00000, 0x000000008dd00000|  0%| F|  |TAMS 0x000000008dc00000, 0x000000008dc00000| Untracked 
| 221|0x000000008dd00000, 0x000000008dd00000, 0x000000008de00000|  0%| F|  |TAMS 0x000000008dd00000, 0x000000008dd00000| Untracked 
| 222|0x000000008de00000, 0x000000008de00000, 0x000000008df00000|  0%| F|  |TAMS 0x000000008de00000, 0x000000008de00000| Untracked 
| 223|0x000000008df00000, 0x000000008df00000, 0x000000008e000000|  0%| F|  |TAMS 0x000000008df00000, 0x000000008df00000| Untracked 
| 224|0x000000008e000000, 0x000000008e000000, 0x000000008e100000|  0%| F|  |TAMS 0x000000008e000000, 0x000000008e000000| Untracked 
| 225|0x000000008e100000, 0x000000008e100000, 0x000000008e200000|  0%| F|  |TAMS 0x000000008e100000, 0x000000008e100000| Untracked 
| 226|0x000000008e200000, 0x000000008e200000, 0x000000008e300000|  0%| F|  |TAMS 0x000000008e200000, 0x000000008e200000| Untracked 
| 227|0x000000008e300000, 0x000000008e300000, 0x000000008e400000|  0%| F|  |TAMS 0x000000008e300000, 0x000000008e300000| Untracked 
| 228|0x000000008e400000, 0x000000008e400000, 0x000000008e500000|  0%| F|  |TAMS 0x000000008e400000, 0x000000008e400000| Untracked 
| 229|0x000000008e500000, 0x000000008e500000, 0x000000008e600000|  0%| F|  |TAMS 0x000000008e500000, 0x000000008e500000| Untracked 
| 230|0x000000008e600000, 0x000000008e600000, 0x000000008e700000|  0%| F|  |TAMS 0x000000008e600000, 0x000000008e600000| Untracked 
| 231|0x000000008e700000, 0x000000008e700000, 0x000000008e800000|  0%| F|  |TAMS 0x000000008e700000, 0x000000008e700000| Untracked 
| 232|0x000000008e800000, 0x000000008e800000, 0x000000008e900000|  0%| F|  |TAMS 0x000000008e800000, 0x000000008e800000| Untracked 
| 233|0x000000008e900000, 0x000000008e900000, 0x000000008ea00000|  0%| F|  |TAMS 0x000000008e900000, 0x000000008e900000| Untracked 
| 234|0x000000008ea00000, 0x000000008ea00000, 0x000000008eb00000|  0%| F|  |TAMS 0x000000008ea00000, 0x000000008ea00000| Untracked 
| 235|0x000000008eb00000, 0x000000008eb00000, 0x000000008ec00000|  0%| F|  |TAMS 0x000000008eb00000, 0x000000008eb00000| Untracked 
| 236|0x000000008ec00000, 0x000000008ec00000, 0x000000008ed00000|  0%| F|  |TAMS 0x000000008ec00000, 0x000000008ec00000| Untracked 
| 237|0x000000008ed00000, 0x000000008ed00000, 0x000000008ee00000|  0%| F|  |TAMS 0x000000008ed00000, 0x000000008ed00000| Untracked 
| 238|0x000000008ee00000, 0x000000008ee00000, 0x000000008ef00000|  0%| F|  |TAMS 0x000000008ee00000, 0x000000008ee00000| Untracked 
| 239|0x000000008ef00000, 0x000000008ef00000, 0x000000008f000000|  0%| F|  |TAMS 0x000000008ef00000, 0x000000008ef00000| Untracked 
| 240|0x000000008f000000, 0x000000008f000000, 0x000000008f100000|  0%| F|  |TAMS 0x000000008f000000, 0x000000008f000000| Untracked 
| 241|0x000000008f100000, 0x000000008f100000, 0x000000008f200000|  0%| F|  |TAMS 0x000000008f100000, 0x000000008f100000| Untracked 
| 242|0x000000008f200000, 0x000000008f200000, 0x000000008f300000|  0%| F|  |TAMS 0x000000008f200000, 0x000000008f200000| Untracked 
| 243|0x000000008f300000, 0x000000008f300000, 0x000000008f400000|  0%| F|  |TAMS 0x000000008f300000, 0x000000008f300000| Untracked 
| 244|0x000000008f400000, 0x000000008f400000, 0x000000008f500000|  0%| F|  |TAMS 0x000000008f400000, 0x000000008f400000| Untracked 
| 245|0x000000008f500000, 0x000000008f500000, 0x000000008f600000|  0%| F|  |TAMS 0x000000008f500000, 0x000000008f500000| Untracked 
| 246|0x000000008f600000, 0x000000008f600000, 0x000000008f700000|  0%| F|  |TAMS 0x000000008f600000, 0x000000008f600000| Untracked 
| 247|0x000000008f700000, 0x000000008f700000, 0x000000008f800000|  0%| F|  |TAMS 0x000000008f700000, 0x000000008f700000| Untracked 
| 248|0x000000008f800000, 0x000000008f800000, 0x000000008f900000|  0%| F|  |TAMS 0x000000008f800000, 0x000000008f800000| Untracked 
| 249|0x000000008f900000, 0x000000008f900000, 0x000000008fa00000|  0%| F|  |TAMS 0x000000008f900000, 0x000000008f900000| Untracked 
| 250|0x000000008fa00000, 0x000000008fa00000, 0x000000008fb00000|  0%| F|  |TAMS 0x000000008fa00000, 0x000000008fa00000| Untracked 
| 251|0x000000008fb00000, 0x000000008fb00000, 0x000000008fc00000|  0%| F|  |TAMS 0x000000008fb00000, 0x000000008fb00000| Untracked 
| 252|0x000000008fc00000, 0x000000008fc00000, 0x000000008fd00000|  0%| F|  |TAMS 0x000000008fc00000, 0x000000008fc00000| Untracked 
| 253|0x000000008fd00000, 0x000000008fd00000, 0x000000008fe00000|  0%| F|  |TAMS 0x000000008fd00000, 0x000000008fd00000| Untracked 
| 254|0x000000008fe00000, 0x000000008fe00000, 0x000000008ff00000|  0%| F|  |TAMS 0x000000008fe00000, 0x000000008fe00000| Untracked 
| 255|0x000000008ff00000, 0x000000008ff00000, 0x0000000090000000|  0%| F|  |TAMS 0x000000008ff00000, 0x000000008ff00000| Untracked 
| 256|0x0000000090000000, 0x0000000090000000, 0x0000000090100000|  0%| F|  |TAMS 0x0000000090000000, 0x0000000090000000| Untracked 
| 257|0x0000000090100000, 0x0000000090100000, 0x0000000090200000|  0%| F|  |TAMS 0x0000000090100000, 0x0000000090100000| Untracked 
| 258|0x0000000090200000, 0x0000000090200000, 0x0000000090300000|  0%| F|  |TAMS 0x0000000090200000, 0x0000000090200000| Untracked 
| 259|0x0000000090300000, 0x0000000090300000, 0x0000000090400000|  0%| F|  |TAMS 0x0000000090300000, 0x0000000090300000| Untracked 
| 260|0x0000000090400000, 0x0000000090400000, 0x0000000090500000|  0%| F|  |TAMS 0x0000000090400000, 0x0000000090400000| Untracked 
| 261|0x0000000090500000, 0x0000000090500000, 0x0000000090600000|  0%| F|  |TAMS 0x0000000090500000, 0x0000000090500000| Untracked 
| 262|0x0000000090600000, 0x0000000090600000, 0x0000000090700000|  0%| F|  |TAMS 0x0000000090600000, 0x0000000090600000| Untracked 
| 263|0x0000000090700000, 0x0000000090700000, 0x0000000090800000|  0%| F|  |TAMS 0x0000000090700000, 0x0000000090700000| Untracked 

Card table byte_map: [0x000001dc69220000,0x000001dc69620000] _byte_map_base: 0x000001dc68e20000

Marking Bits (Prev, Next): (CMBitMap*) 0x000001dc55ebcd88, (CMBitMap*) 0x000001dc55ebcdc0
 Prev Bits: [0x000001dc69a20000, 0x000001dc6ba20000)
 Next Bits: [0x000001dc6ba20000, 0x000001dc6da20000)

Polling page: 0x000001dc54620000

Metaspace:

Usage:
  Non-class:    138.93 MB capacity,   136.61 MB ( 98%) used,     1.89 MB (  1%) free+waste,   436.00 KB ( <1%) overhead. 
      Class:     20.37 MB capacity,    19.13 MB ( 94%) used,     1.06 MB (  5%) free+waste,   188.06 KB ( <1%) overhead. 
       Both:    159.30 MB capacity,   155.74 MB ( 98%) used,     2.95 MB (  2%) free+waste,   624.06 KB ( <1%) overhead. 

Virtual space:
  Non-class space:      140.00 MB reserved,     139.34 MB (>99%) committed 
      Class space:        1.00 GB reserved,      20.50 MB (  2%) committed 
             Both:        1.14 GB reserved,     159.84 MB ( 14%) committed 

Chunk freelists:
   Non-Class:  224.00 KB
       Class:  38.00 KB
        Both:  262.00 KB

MaxMetaspaceSize: 17179869184.00 GB
CompressedClassSpaceSize: 1.00 GB

CodeHeap 'non-profiled nmethods': size=120064Kb used=18906Kb max_used=18906Kb free=101157Kb
 bounds [0x000001dc612c0000, 0x000001dc62540000, 0x000001dc68800000]
CodeHeap 'profiled nmethods': size=120000Kb used=47953Kb max_used=47953Kb free=72046Kb
 bounds [0x000001dc59d90000, 0x000001dc5ccb0000, 0x000001dc612c0000]
CodeHeap 'non-nmethods': size=5696Kb used=2411Kb max_used=2459Kb free=3284Kb
 bounds [0x000001dc59800000, 0x000001dc59a80000, 0x000001dc59d90000]
 total_blobs=23362 nmethods=22326 adapters=946
 compilation: enabled
              stopped_count=0, restarted_count=0
 full_count=0

Compilation events (20 events):
Event: 3242.717 Thread 0x000001dc70038000 nmethod 27863 0x000001dc6253c090 code [0x000001dc6253c220, 0x000001dc6253c278]
Event: 3242.719 Thread 0x000001dc70038000 27883       4       java.lang.Integer::compareTo (9 bytes)
Event: 3242.720 Thread 0x000001dc70038000 nmethod 27883 0x000001dc6253c310 code [0x000001dc6253c4a0, 0x000001dc6253c558]
Event: 3242.720 Thread 0x000001dc70038000 27885       4       com.android.tools.r8.v.b.q::next (19 bytes)
Event: 3242.725 Thread 0x000001dc70038000 nmethod 27885 0x000001dc6253c610 code [0x000001dc6253c7c0, 0x000001dc6253cb78]
Event: 3242.725 Thread 0x000001dc70038000 27882   !   4       com.android.tools.r8.utils.K::a (116 bytes)
Event: 3242.769 Thread 0x000001dc70040800 nmethod 27867% 0x000001dc5cc62390 code [0x000001dc5cc64540, 0x000001dc5cc7ada8]
Event: 3242.770 Thread 0x000001dc70040800 27917       2       com.android.tools.r8.graph.q0::b (150 bytes)
Event: 3242.770 Thread 0x000001dc70040800 nmethod 27917 0x000001dc5cc82310 code [0x000001dc5cc824e0, 0x000001dc5cc827d8]
Event: 3242.770 Thread 0x000001dc70040800 27886       3       com.android.tools.r8.v.b.X::E (324 bytes)
Event: 3242.776 Thread 0x000001dc70040800 nmethod 27886 0x000001dc5cc82990 code [0x000001dc5cc83180, 0x000001dc5cc88ae8]
Event: 3242.776 Thread 0x000001dc70040800 27909 %     3       java.util.IdentityHashMap$KeySet::toArray @ 49 (139 bytes)
Event: 3242.777 Thread 0x000001dc70040800 nmethod 27909% 0x000001dc5cc8a510 code [0x000001dc5cc8a7a0, 0x000001dc5cc8b478]
Event: 3242.777 Thread 0x000001dc70040800 27868       3       com.android.tools.r8.ir.regalloc.h::a (90 bytes)
Event: 3242.778 Thread 0x000001dc70040800 nmethod 27868 0x000001dc5cc8b910 code [0x000001dc5cc8bb20, 0x000001dc5cc8c1c8]
Event: 3242.778 Thread 0x000001dc70040800 27931       3       com.android.tools.r8.ir.regalloc.h::<init> (82 bytes)
Event: 3242.778 Thread 0x000001dc70040800 nmethod 27931 0x000001dc5cc8c490 code [0x000001dc5cc8c6a0, 0x000001dc5cc8ccc8]
Event: 3242.778 Thread 0x000001dc70040800 27908 %     3       com.android.tools.r8.ir.conversion.r::a @ 2 (79 bytes)
Event: 3242.779 Thread 0x000001dc70040800 nmethod 27908% 0x000001dc5cc8cf10 code [0x000001dc5cc8d100, 0x000001dc5cc8d798]
Event: 3242.779 Thread 0x000001dc70040800 27927 % !   3       com.android.tools.r8.graph.p::a @ 1245 (1530 bytes)

GC Heap History (20 events):
Event: 3228.251 GC heap after
{Heap after GC invocations=149 (full 0):
 garbage-first heap   total 270336K, used 143798K [0x0000000080000000, 0x0000000100000000)
  region size 1024K, 7 young (7168K), 7 survivors (7168K)
 Metaspace       used 146117K, capacity 149371K, committed 150872K, reserved 1181696K
  class space    used 17855K, capacity 19009K, committed 19456K, reserved 1048576K
}
Event: 3229.858 GC heap before
{Heap before GC invocations=149 (full 0):
 garbage-first heap   total 270336K, used 213430K [0x0000000080000000, 0x0000000100000000)
  region size 1024K, 76 young (77824K), 7 survivors (7168K)
 Metaspace       used 148068K, capacity 151347K, committed 152792K, reserved 1183744K
  class space    used 18080K, capacity 19216K, committed 19584K, reserved 1048576K
}
Event: 3229.872 GC heap after
{Heap after GC invocations=150 (full 0):
 garbage-first heap   total 270336K, used 142361K [0x0000000080000000, 0x0000000100000000)
  region size 1024K, 3 young (3072K), 3 survivors (3072K)
 Metaspace       used 148068K, capacity 151347K, committed 152792K, reserved 1183744K
  class space    used 18080K, capacity 19216K, committed 19584K, reserved 1048576K
}
Event: 3233.081 GC heap before
{Heap before GC invocations=150 (full 0):
 garbage-first heap   total 270336K, used 215065K [0x0000000080000000, 0x0000000100000000)
  region size 1024K, 75 young (76800K), 3 survivors (3072K)
 Metaspace       used 150590K, capacity 153875K, committed 155224K, reserved 1185792K
  class space    used 18390K, capacity 19543K, committed 19968K, reserved 1048576K
}
Event: 3233.291 GC heap after
{Heap after GC invocations=151 (full 0):
 garbage-first heap   total 270336K, used 144661K [0x0000000080000000, 0x0000000100000000)
  region size 1024K, 5 young (5120K), 5 survivors (5120K)
 Metaspace       used 150590K, capacity 153875K, committed 155224K, reserved 1185792K
  class space    used 18390K, capacity 19543K, committed 19968K, reserved 1048576K
}
Event: 3235.854 GC heap before
{Heap before GC invocations=152 (full 0):
 garbage-first heap   total 270336K, used 218389K [0x0000000080000000, 0x0000000100000000)
  region size 1024K, 78 young (79872K), 5 survivors (5120K)
 Metaspace       used 151496K, capacity 154833K, committed 156120K, reserved 1185792K
  class space    used 18508K, capacity 19671K, committed 20096K, reserved 1048576K
}
Event: 3235.894 GC heap after
{Heap after GC invocations=153 (full 0):
 garbage-first heap   total 270336K, used 147584K [0x0000000080000000, 0x0000000100000000)
  region size 1024K, 8 young (8192K), 8 survivors (8192K)
 Metaspace       used 151496K, capacity 154833K, committed 156120K, reserved 1185792K
  class space    used 18508K, capacity 19671K, committed 20096K, reserved 1048576K
}
Event: 3236.226 GC heap before
{Heap before GC invocations=153 (full 0):
 garbage-first heap   total 270336K, used 151680K [0x0000000080000000, 0x0000000100000000)
  region size 1024K, 13 young (13312K), 8 survivors (8192K)
 Metaspace       used 151548K, capacity 154981K, committed 156376K, reserved 1185792K
  class space    used 18509K, capacity 19673K, committed 20096K, reserved 1048576K
}
Event: 3237.118 GC heap after
{Heap after GC invocations=154 (full 0):
 garbage-first heap   total 270336K, used 132850K [0x0000000080000000, 0x0000000100000000)
  region size 1024K, 2 young (2048K), 2 survivors (2048K)
 Metaspace       used 151548K, capacity 154981K, committed 156376K, reserved 1185792K
  class space    used 18509K, capacity 19673K, committed 20096K, reserved 1048576K
}
Event: 3239.823 GC heap before
{Heap before GC invocations=154 (full 0):
 garbage-first heap   total 270336K, used 195314K [0x0000000080000000, 0x0000000100000000)
  region size 1024K, 62 young (63488K), 2 survivors (2048K)
 Metaspace       used 152447K, capacity 155874K, committed 156888K, reserved 1185792K
  class space    used 18645K, capacity 19831K, committed 20096K, reserved 1048576K
}
Event: 3239.842 GC heap after
{Heap after GC invocations=155 (full 0):
 garbage-first heap   total 270336K, used 136834K [0x0000000080000000, 0x0000000100000000)
  region size 1024K, 6 young (6144K), 6 survivors (6144K)
 Metaspace       used 152447K, capacity 155874K, committed 156888K, reserved 1185792K
  class space    used 18645K, capacity 19831K, committed 20096K, reserved 1048576K
}
Event: 3240.565 GC heap before
{Heap before GC invocations=155 (full 0):
 garbage-first heap   total 270336K, used 194178K [0x0000000080000000, 0x0000000100000000)
  region size 1024K, 63 young (64512K), 6 survivors (6144K)
 Metaspace       used 154472K, capacity 157953K, committed 158936K, reserved 1187840K
  class space    used 18895K, capacity 20092K, committed 20352K, reserved 1048576K
}
Event: 3240.744 GC heap after
{Heap after GC invocations=156 (full 0):
 garbage-first heap   total 270336K, used 148793K [0x0000000080000000, 0x0000000100000000)
  region size 1024K, 8 young (8192K), 8 survivors (8192K)
 Metaspace       used 154472K, capacity 157953K, committed 158936K, reserved 1187840K
  class space    used 18895K, capacity 20092K, committed 20352K, reserved 1048576K
}
Event: 3241.138 GC heap before
{Heap before GC invocations=156 (full 0):
 garbage-first heap   total 270336K, used 185657K [0x0000000080000000, 0x0000000100000000)
  region size 1024K, 44 young (45056K), 8 survivors (8192K)
 Metaspace       used 155072K, capacity 158581K, committed 159576K, reserved 1187840K
  class space    used 18975K, capacity 20199K, committed 20480K, reserved 1048576K
}
Event: 3241.188 GC heap after
{Heap after GC invocations=157 (full 0):
 garbage-first heap   total 270336K, used 153961K [0x0000000080000000, 0x0000000100000000)
  region size 1024K, 6 young (6144K), 6 survivors (6144K)
 Metaspace       used 155072K, capacity 158581K, committed 159576K, reserved 1187840K
  class space    used 18975K, capacity 20199K, committed 20480K, reserved 1048576K
}
Event: 3241.771 GC heap before
{Heap before GC invocations=158 (full 0):
 garbage-first heap   total 270336K, used 195945K [0x0000000080000000, 0x0000000100000000)
  region size 1024K, 50 young (51200K), 6 survivors (6144K)
 Metaspace       used 157065K, capacity 160691K, committed 161368K, reserved 1189888K
  class space    used 19314K, capacity 20566K, committed 20736K, reserved 1048576K
}
Event: 3241.800 GC heap after
{Heap after GC invocations=159 (full 0):
 garbage-first heap   total 270336K, used 159249K [0x0000000080000000, 0x0000000100000000)
  region size 1024K, 7 young (7168K), 7 survivors (7168K)
 Metaspace       used 157065K, capacity 160691K, committed 161368K, reserved 1189888K
  class space    used 19314K, capacity 20566K, committed 20736K, reserved 1048576K
}
Event: 3241.921 GC heap before
{Heap before GC invocations=159 (full 0):
 garbage-first heap   total 270336K, used 165393K [0x0000000080000000, 0x0000000100000000)
  region size 1024K, 13 young (13312K), 7 survivors (7168K)
 Metaspace       used 157732K, capacity 161353K, committed 162008K, reserved 1189888K
  class space    used 19427K, capacity 20679K, committed 20864K, reserved 1048576K
}
Event: 3241.961 GC heap after
{Heap after GC invocations=160 (full 0):
 garbage-first heap   total 270336K, used 147337K [0x0000000080000000, 0x0000000100000000)
  region size 1024K, 2 young (2048K), 2 survivors (2048K)
 Metaspace       used 157732K, capacity 161353K, committed 162008K, reserved 1189888K
  class space    used 19427K, capacity 20679K, committed 20864K, reserved 1048576K
}
Event: 3242.817 GC heap before
{Heap before GC invocations=160 (full 0):
 garbage-first heap   total 270336K, used 201609K [0x0000000080000000, 0x0000000100000000)
  region size 1024K, 55 young (56320K), 2 survivors (2048K)
 Metaspace       used 159477K, capacity 163122K, committed 163672K, reserved 1191936K
  class space    used 19585K, capacity 20858K, committed 20992K, reserved 1048576K
}

Deoptimization events (20 events):
Event: 3242.741 Thread 0x000001dc775e5800 DEOPT PACKING pc=0x000001dc5cab151f sp=0x0000009a83cf8ab0
Event: 3242.741 Thread 0x000001dc775e5800 DEOPT UNPACKING pc=0x000001dc59828ade sp=0x0000009a83cf7f40 mode 0
Event: 3242.741 Thread 0x000001dc775e6800 Uncommon trap: trap_request=0xffffff4d fr.pc=0x000001dc62532098 relative=0x0000000000000258
Event: 3242.741 Thread 0x000001dc775e6800 Uncommon trap: reason=unstable_if action=reinterpret pc=0x000001dc62532098 method=com.android.tools.r8.graph.q0.b(Lcom/android/tools/r8/graph/q0;)I @ 39 c2
Event: 3242.741 Thread 0x000001dc775e6800 DEOPT PACKING pc=0x000001dc62532098 sp=0x0000009a83bfa6a0
Event: 3242.742 Thread 0x000001dc775e5800 DEOPT PACKING pc=0x000001dc5cab151f sp=0x0000009a83cf86f0
Event: 3242.743 Thread 0x000001dc775e5800 DEOPT UNPACKING pc=0x000001dc59828ade sp=0x0000009a83cf7b80 mode 0
Event: 3242.745 Thread 0x000001dc7342b000 DEOPT PACKING pc=0x000001dc5cab151f sp=0x0000009a839f8ee0
Event: 3242.745 Thread 0x000001dc7342b000 DEOPT UNPACKING pc=0x000001dc59828ade sp=0x0000009a839f8370 mode 0
Event: 3242.759 Thread 0x000001dc775e5800 DEOPT PACKING pc=0x000001dc5caa84ae sp=0x0000009a83cf93e0
Event: 3242.759 Thread 0x000001dc775e5800 DEOPT UNPACKING pc=0x000001dc59828ade sp=0x0000009a83cf8a10 mode 0
Event: 3242.767 Thread 0x000001dc7342b000 DEOPT PACKING pc=0x000001dc5cab151f sp=0x0000009a839fa100
Event: 3242.767 Thread 0x000001dc7342b000 DEOPT UNPACKING pc=0x000001dc59828ade sp=0x0000009a839f9590 mode 0
Event: 3242.777 Thread 0x000001dc775e5800 DEOPT PACKING pc=0x000001dc5cae24c2 sp=0x0000009a83cf8f00
Event: 3242.777 Thread 0x000001dc775e5800 DEOPT UNPACKING pc=0x000001dc59828ade sp=0x0000009a83cf83d0 mode 0
Event: 3242.777 Thread 0x000001dc775e6800 DEOPT UNPACKING pc=0x000001dc5980822f sp=0x0000009a83bfa630 mode 2
Event: 3242.797 Thread 0x000001dc775e5800 DEOPT PACKING pc=0x000001dc5cb0e773 sp=0x0000009a83cf8a60
Event: 3242.798 Thread 0x000001dc775e5800 DEOPT UNPACKING pc=0x000001dc59828ade sp=0x0000009a83cf7fc0 mode 0
Event: 3242.805 Thread 0x000001dc775e5800 DEOPT PACKING pc=0x000001dc5cab151f sp=0x0000009a83cf8a60
Event: 3242.805 Thread 0x000001dc775e5800 DEOPT UNPACKING pc=0x000001dc59828ade sp=0x0000009a83cf7ef0 mode 0

Classes redefined (0 events):
No events

Internal exceptions (20 events):
Event: 3239.699 Thread 0x000001dc775e6800 Exception <a 'sun/nio/fs/WindowsException'{0x000000008d592e80}> (0x000000008d592e80) thrown at [./src/hotspot/share/prims/jni.cpp, line 615]
Event: 3239.850 Thread 0x000001dc775e5800 Exception <a 'sun/nio/fs/WindowsException'{0x00000000905a43d8}> (0x00000000905a43d8) thrown at [./src/hotspot/share/prims/jni.cpp, line 615]
Event: 3239.983 Thread 0x000001dc7342b000 Exception <a 'sun/nio/fs/WindowsException'{0x000000008fa78570}> (0x000000008fa78570) thrown at [./src/hotspot/share/prims/jni.cpp, line 615]
Event: 3240.070 Thread 0x000001dc775e6800 Exception <a 'java/lang/NoSuchMethodError'{0x000000008f8b27e0}: 'long java.lang.invoke.DirectMethodHandle$Holder.invokeStatic(java.lang.Object, long, java.lang.Object)'> (0x000000008f8b27e0) thrown at [./src/hotspot/share/interpreter/linkResolver.cpp, line 773]
Event: 3240.083 Thread 0x000001dc775e5800 Exception <a 'java/lang/NoSuchMethodError'{0x000000008f9ba848}: 'java.lang.Object java.lang.invoke.DirectMethodHandle$Holder.invokeStatic(java.lang.Object, long)'> (0x000000008f9ba848) thrown at [./src/hotspot/share/interpreter/linkResolver.cpp, line 773]
Event: 3240.100 Thread 0x000001dc775e4800 Exception <a 'sun/nio/fs/WindowsException'{0x000000008ed6da00}> (0x000000008ed6da00) thrown at [./src/hotspot/share/prims/jni.cpp, line 615]
Event: 3240.196 Thread 0x000001dc775e6800 Exception <a 'java/lang/IncompatibleClassChangeError'{0x000000008ebebaf0}: Found class java.lang.Object, but interface was expected> (0x000000008ebebaf0) thrown at [./src/hotspot/share/interpreter/linkResolver.cpp, line 839]
Event: 3240.873 Thread 0x000001dc775e6800 Exception <a 'java/lang/NoSuchMethodError'{0x00000000900ed538}: 'long java.lang.invoke.DirectMethodHandle$Holder.invokeStatic(java.lang.Object, java.lang.Object)'> (0x00000000900ed538) thrown at [./src/hotspot/share/interpreter/linkResolver.cpp, line 773]
Event: 3240.946 Thread 0x000001dc775e6800 Exception <a 'java/lang/NoSuchMethodError'{0x000000008fad9410}: 'void java.lang.invoke.DirectMethodHandle$Holder.invokeSpecial(java.lang.Object, java.lang.Object, int, java.lang.Object)'> (0x000000008fad9410) thrown at [./src/hotspot/share/interpreter/linkResolver.cpp, line 773]
Event: 3241.407 Thread 0x000001dc775e5800 Exception <a 'java/lang/NoSuchMethodError'{0x000000009073e730}: 'java.lang.Object java.lang.invoke.DirectMethodHandle$Holder.invokeVirtual(java.lang.Object, java.lang.Object, int, java.lang.Object)'> (0x000000009073e730) thrown at [./src/hotspot/share/interpreter/linkResolver.cpp, line 773]
Event: 3241.407 Thread 0x000001dc775e6800 Exception <a 'java/lang/NoSuchMethodError'{0x000000008f652c48}: 'java.lang.Object java.lang.invoke.DirectMethodHandle$Holder.invokeVirtual(java.lang.Object, java.lang.Object, int, java.lang.Object)'> (0x000000008f652c48) thrown at [./src/hotspot/share/interpreter/linkResolver.cpp, line 773]
Event: 3241.407 Thread 0x000001dc7342b000 Exception <a 'java/lang/NoSuchMethodError'{0x000000008f8bb678}: 'java.lang.Object java.lang.invoke.DirectMethodHandle$Holder.invokeVirtual(java.lang.Object, java.lang.Object, int, java.lang.Object)'> (0x000000008f8bb678) thrown at [./src/hotspot/share/interpreter/linkResolver.cpp, line 773]
Event: 3241.560 Thread 0x000001dc775e5800 Exception <a 'java/lang/NoSuchMethodError'{0x000000008ede59b0}: 'void java.lang.invoke.DirectMethodHandle$Holder.invokeVirtual(java.lang.Object, java.lang.Object, int, java.lang.Object)'> (0x000000008ede59b0) thrown at [./src/hotspot/share/interpreter/linkResolver.cpp, line 773]
Event: 3241.732 Thread 0x000001dc775e4800 Exception <a 'java/lang/NoSuchMethodError'{0x000000008d8f9380}: 'java.lang.Object java.lang.invoke.DirectMethodHandle$Holder.newInvokeSpecial(java.lang.Object, int)'> (0x000000008d8f9380) thrown at [./src/hotspot/share/interpreter/linkResolver.cpp, line 773]
Event: 3241.732 Thread 0x000001dc775e5800 Exception <a 'java/lang/NoSuchMethodError'{0x000000008dbbe520}: 'java.lang.Object java.lang.invoke.DirectMethodHandle$Holder.newInvokeSpecial(java.lang.Object, int)'> (0x000000008dbbe520) thrown at [./src/hotspot/share/interpreter/linkResolver.cpp, line 773]
Event: 3241.732 Thread 0x000001dc7342b000 Exception <a 'java/lang/NoSuchMethodError'{0x000000008d96a6d8}: 'java.lang.Object java.lang.invoke.DirectMethodHandle$Holder.newInvokeSpecial(java.lang.Object, int)'> (0x000000008d96a6d8) thrown at [./src/hotspot/share/interpreter/linkResolver.cpp, line 773]
Event: 3241.985 Thread 0x000001dc775e5800 Exception <a 'java/lang/NoSuchMethodError'{0x00000000906e95e8}: 'java.lang.Object java.lang.invoke.DirectMethodHandle$Holder.invokeInterface(java.lang.Object, java.lang.Object, int)'> (0x00000000906e95e8) thrown at [./src/hotspot/share/interpreter/linkResolver.cpp, line 773]
Event: 3242.517 Thread 0x000001dc775e6800 Exception <a 'java/lang/NoSuchMethodError'{0x000000008e2a5c30}: 'void java.lang.invoke.DirectMethodHandle$Holder.invokeStatic(java.lang.Object, java.lang.Object, java.lang.Object, java.lang.Object, java.lang.Object, java.lang.Object, java.lang.Object, java.lang.Object, java.lang.Object, java.lang.Object, java.lang.Object)'> (0x000000008e2a5c30) thrown at [./src/hotspot/share/interpreter/linkResolver.cpp, line 773]
Event: 3242.518 Thread 0x000001dc775e6800 Exception <a 'java/lang/NoSuchMethodError'{0x000000008e2b0b00}: 'java.lang.Object java.lang.invoke.DirectMethodHandle$Holder.invokeSpecial(java.lang.Object, java.lang.Object, java.lang.Object, java.lang.Object, java.lang.Object, java.lang.Object, java.lang.Object, java.lang.Object, java.lang.Object, java.lang.Object)'> (0x000000008e2b0b00) thrown at [./src/hotspot/share/interpreter/linkResolver.cpp, line 773]
Event: 3242.519 Thread 0x000001dc775e6800 Exception <a 'java/lang/NoSuchMethodError'{0x000000008e2b5140}: 'java.lang.Object java.lang.invoke.Invokers$Holder.linkToTargetMethod(java.lang.Object, java.lang.Object, java.lang.Object, java.lang.Object, java.lang.Object, java.lang.Object, java.lang.Object, java.lang.Object, java.lang.Object)'> (0x000000008e2b5140) thrown at [./src/hotspot/share/interpreter/linkResolver.cpp, line 773]

Events (20 events):
Event: 3242.737 loading class com/android/tools/r8/code/S0 done
Event: 3242.738 loading class com/android/tools/r8/graph/S
Event: 3242.738 loading class com/android/tools/r8/graph/S done
Event: 3242.738 loading class com/android/tools/r8/graph/S
Event: 3242.738 loading class com/android/tools/r8/graph/S done
Event: 3242.738 loading class com/android/tools/r8/graph/S
Event: 3242.738 loading class com/android/tools/r8/graph/S done
Event: 3242.738 loading class com/android/tools/r8/graph/S
Event: 3242.738 loading class com/android/tools/r8/graph/S done
Event: 3242.739 loading class com/android/tools/r8/graph/S$h
Event: 3242.739 loading class com/android/tools/r8/graph/S$h done
Event: 3242.739 loading class com/android/tools/r8/graph/R0$d
Event: 3242.739 loading class com/android/tools/r8/graph/R0$d done
Event: 3242.739 loading class com/android/tools/r8/graph/j0
Event: 3242.739 loading class com/android/tools/r8/graph/j0 done
Event: 3242.739 loading class com/android/tools/r8/graph/R0$f
Event: 3242.739 loading class com/android/tools/r8/graph/R0$f done
Event: 3242.740 loading class com/android/tools/r8/graph/R0$f
Event: 3242.740 loading class com/android/tools/r8/graph/R0$f done
Event: 3242.806 Executing VM operation: G1CollectForAllocation


Dynamic libraries:
0x00007ff6cdb10000 - 0x00007ff6cdb1a000 	C:\Program Files\Android\Android Studio\jre\bin\java.exe
0x00007ffe07710000 - 0x00007ffe07905000 	C:\WINDOWS\SYSTEM32\ntdll.dll
0x00007ffe07350000 - 0x00007ffe0740d000 	C:\WINDOWS\System32\KERNEL32.DLL
0x00007ffe05190000 - 0x00007ffe05459000 	C:\WINDOWS\System32\KERNELBASE.dll
0x00007ffe04ee0000 - 0x00007ffe04fe0000 	C:\WINDOWS\System32\ucrtbase.dll
0x00007ffdffd70000 - 0x00007ffdffd87000 	C:\Program Files\Android\Android Studio\jre\bin\VCRUNTIME140.dll
0x00007ffdfe330000 - 0x00007ffdfe349000 	C:\Program Files\Android\Android Studio\jre\bin\jli.dll
0x00007ffe07410000 - 0x00007ffe075b0000 	C:\WINDOWS\System32\USER32.dll
0x00007ffe04e50000 - 0x00007ffe04e72000 	C:\WINDOWS\System32\win32u.dll
0x00007ffe07070000 - 0x00007ffe0709a000 	C:\WINDOWS\System32\GDI32.dll
0x00007ffe05460000 - 0x00007ffe0556b000 	C:\WINDOWS\System32\gdi32full.dll
0x00007ffe05010000 - 0x00007ffe050ad000 	C:\WINDOWS\System32\msvcp_win.dll
0x00007ffdf3860000 - 0x00007ffdf3afa000 	C:\WINDOWS\WinSxS\amd64_microsoft.windows.common-controls_6595b64144ccf1df_6.0.19041.1110_none_60b5254171f9507e\COMCTL32.dll
0x00007ffe06630000 - 0x00007ffe066ce000 	C:\WINDOWS\System32\msvcrt.dll
0x00007ffe05780000 - 0x00007ffe057b0000 	C:\WINDOWS\System32\IMM32.DLL
0x00007ffde4560000 - 0x00007ffde45fd000 	C:\Program Files\Android\Android Studio\jre\bin\msvcp140.dll
0x00007ffdb2370000 - 0x00007ffdb2e2c000 	C:\Program Files\Android\Android Studio\jre\bin\server\jvm.dll
0x00007ffe071d0000 - 0x00007ffe0727c000 	C:\WINDOWS\System32\ADVAPI32.dll
0x00007ffe064c0000 - 0x00007ffe0655b000 	C:\WINDOWS\System32\sechost.dll
0x00007ffe06ee0000 - 0x00007ffe0700a000 	C:\WINDOWS\System32\RPCRT4.dll
0x00007ffe06620000 - 0x00007ffe06628000 	C:\WINDOWS\System32\PSAPI.DLL
0x00007ffde8e00000 - 0x00007ffde8e27000 	C:\WINDOWS\SYSTEM32\WINMM.dll
0x00007ffe00910000 - 0x00007ffe00919000 	C:\WINDOWS\SYSTEM32\WSOCK32.dll
0x00007ffdfe7c0000 - 0x00007ffdfe7ca000 	C:\WINDOWS\SYSTEM32\VERSION.dll
0x00007ffe06be0000 - 0x00007ffe06c4b000 	C:\WINDOWS\System32\WS2_32.dll
0x00007ffe03760000 - 0x00007ffe03772000 	C:\WINDOWS\SYSTEM32\kernel.appcore.dll
0x00007ffe00060000 - 0x00007ffe00071000 	C:\Program Files\Android\Android Studio\jre\bin\verify.dll
0x00007ffe02c60000 - 0x00007ffe02e44000 	C:\WINDOWS\SYSTEM32\DBGHELP.DLL
0x00007ffdef7c0000 - 0x00007ffdef7ec000 	C:\WINDOWS\SYSTEM32\dbgcore.DLL
0x00007ffe05100000 - 0x00007ffe05183000 	C:\WINDOWS\System32\bcryptPrimitives.dll
0x00007ffdfb390000 - 0x00007ffdfb3b9000 	C:\Program Files\Android\Android Studio\jre\bin\java.dll
0x00007ffdfb380000 - 0x00007ffdfb38b000 	C:\Program Files\Android\Android Studio\jre\bin\jimage.dll
0x00007ffdf4dd0000 - 0x00007ffdf4de8000 	C:\Program Files\Android\Android Studio\jre\bin\zip.dll
0x00007ffe057c0000 - 0x00007ffe05eff000 	C:\WINDOWS\System32\SHELL32.dll
0x00007ffe02e50000 - 0x00007ffe035e1000 	C:\WINDOWS\SYSTEM32\windows.storage.dll
0x00007ffe06730000 - 0x00007ffe06a85000 	C:\WINDOWS\System32\combase.dll
0x00007ffe048c0000 - 0x00007ffe048ec000 	C:\WINDOWS\SYSTEM32\Wldp.dll
0x00007ffe07120000 - 0x00007ffe071ce000 	C:\WINDOWS\System32\SHCORE.dll
0x00007ffe066d0000 - 0x00007ffe06725000 	C:\WINDOWS\System32\shlwapi.dll
0x00007ffe04d90000 - 0x00007ffe04daf000 	C:\WINDOWS\SYSTEM32\profapi.dll
0x00007ffdf4d40000 - 0x00007ffdf4d5a000 	C:\Program Files\Android\Android Studio\jre\bin\net.dll
0x00007ffdf3b30000 - 0x00007ffdf3c3a000 	C:\WINDOWS\SYSTEM32\WINHTTP.dll
0x00007ffe04620000 - 0x00007ffe0468a000 	C:\WINDOWS\system32\mswsock.dll
0x00007ffdf44d0000 - 0x00007ffdf44e4000 	C:\Program Files\Android\Android Studio\jre\bin\nio.dll
0x00007ffdf4e50000 - 0x00007ffdf4e77000 	C:\Users\layan\.gradle\native\8bec1ad78214c89d9ad589b4d07fe93259594b29d510b10fafb7a158f7737e5d\windows-amd64\native-platform.dll
0x00007ffddd170000 - 0x00007ffddd2ad000 	C:\Users\layan\.gradle\native\53dbd7edfb1c66fb8903c78663c9afc45aea4f116125fa6feffd364cf09443e8\windows-amd64\native-platform-file-events.dll
0x00007ffdf6390000 - 0x00007ffdf639a000 	C:\Program Files\Android\Android Studio\jre\bin\management.dll
0x00007ffdf49f0000 - 0x00007ffdf49fc000 	C:\Program Files\Android\Android Studio\jre\bin\management_ext.dll
0x00007ffe04800000 - 0x00007ffe04818000 	C:\WINDOWS\SYSTEM32\CRYPTSP.dll
0x00007ffe03f50000 - 0x00007ffe03f84000 	C:\WINDOWS\system32\rsaenh.dll
0x00007ffe04fe0000 - 0x00007ffe05007000 	C:\WINDOWS\System32\bcrypt.dll
0x00007ffe04d10000 - 0x00007ffe04d3e000 	C:\WINDOWS\SYSTEM32\USERENV.dll
0x00007ffe04820000 - 0x00007ffe0482c000 	C:\WINDOWS\SYSTEM32\CRYPTBASE.dll
0x00007ffe042c0000 - 0x00007ffe042fb000 	C:\WINDOWS\SYSTEM32\IPHLPAPI.DLL
0x00007ffe057b0000 - 0x00007ffe057b8000 	C:\WINDOWS\System32\NSI.dll
0x00007ffdfaf90000 - 0x00007ffdfafa7000 	C:\WINDOWS\SYSTEM32\dhcpcsvc6.DLL
0x00007ffdfb580000 - 0x00007ffdfb59d000 	C:\WINDOWS\SYSTEM32\dhcpcsvc.DLL
0x00007ffe04300000 - 0x00007ffe043cc000 	C:\WINDOWS\SYSTEM32\DNSAPI.dll
0x00007ffdf4130000 - 0x00007ffdf4157000 	C:\Program Files\Android\Android Studio\jre\bin\sunec.dll
0x00007ffdf3830000 - 0x00007ffdf383a000 	C:\Windows\System32\rasadhlp.dll
0x00007ffdf3c40000 - 0x00007ffdf3cbf000 	C:\WINDOWS\System32\fwpuclnt.dll
0x00007ffe03ca0000 - 0x00007ffe03cd3000 	C:\WINDOWS\SYSTEM32\ntmarta.dll

dbghelp: loaded successfully - version: 4.0.5 - missing functions: none
symbol engine: initialized successfully - sym options: 0x614 - pdb path: .;C:\Program Files\Android\Android Studio\jre\bin;C:\WINDOWS\SYSTEM32;C:\WINDOWS\WinSxS\amd64_microsoft.windows.common-controls_6595b64144ccf1df_6.0.19041.1110_none_60b5254171f9507e;C:\Program Files\Android\Android Studio\jre\bin\server;C:\Users\layan\.gradle\native\8bec1ad78214c89d9ad589b4d07fe93259594b29d510b10fafb7a158f7737e5d\windows-amd64;C:\Users\layan\.gradle\native\53dbd7edfb1c66fb8903c78663c9afc45aea4f116125fa6feffd364cf09443e8\windows-amd64

VM Arguments:
jvm_args: --add-opens=java.base/java.util=ALL-UNNAMED --add-opens=java.base/java.lang=ALL-UNNAMED --add-opens=java.base/java.lang.invoke=ALL-UNNAMED --add-opens=java.base/java.util=ALL-UNNAMED --add-opens=java.prefs/java.util.prefs=ALL-UNNAMED --add-opens=java.prefs/java.util.prefs=ALL-UNNAMED --add-opens=java.base/java.nio.charset=ALL-UNNAMED --add-opens=java.base/java.net=ALL-UNNAMED --add-opens=java.base/java.util.concurrent.atomic=ALL-UNNAMED -Xmx2048m -Dfile.encoding=UTF-8 -Duser.country=US -Duser.language=en -Duser.variant 
java_command: org.gradle.launcher.daemon.bootstrap.GradleDaemon 7.0.2
java_class_path (initial): C:\Users\layan\.gradle\wrapper\dists\gradle-7.0.2-bin\857tjihv64xamwrf0h14cai3r\gradle-7.0.2\lib\gradle-launcher-7.0.2.jar
Launcher Type: SUN_STANDARD

[Global flags]
     intx CICompilerCount                          = 3                                         {product} {ergonomic}
     uint ConcGCThreads                            = 1                                         {product} {ergonomic}
     uint G1ConcRefinementThreads                  = 4                                         {product} {ergonomic}
   size_t G1HeapRegionSize                         = 1048576                                   {product} {ergonomic}
    uintx GCDrainStackTargetSize                   = 64                                        {product} {ergonomic}
   size_t InitialHeapSize                          = 132120576                                 {product} {ergonomic}
   size_t MarkStackSize                            = 4194304                                   {product} {ergonomic}
   size_t MaxHeapSize                              = 2147483648                                {product} {command line}
   size_t MaxNewSize                               = 1287651328                                {product} {ergonomic}
   size_t MinHeapDeltaBytes                        = 1048576                                   {product} {ergonomic}
    uintx NonNMethodCodeHeapSize                   = 5830732                                {pd product} {ergonomic}
    uintx NonProfiledCodeHeapSize                  = 122913754                              {pd product} {ergonomic}
    uintx ProfiledCodeHeapSize                     = 122913754                              {pd product} {ergonomic}
    uintx ReservedCodeCacheSize                    = 251658240                              {pd product} {ergonomic}
     bool SegmentedCodeCache                       = true                                      {product} {ergonomic}
     bool UseCompressedClassPointers               = true                                 {lp64_product} {ergonomic}
     bool UseCompressedOops                        = true                                 {lp64_product} {ergonomic}
     bool UseG1GC                                  = true                                      {product} {ergonomic}
     bool UseLargePagesIndividualAllocation        = false                                  {pd product} {ergonomic}

Logging:
Log output configuration:
 #0: stdout all=warning uptime,level,tags
 #1: stderr all=off uptime,level,tags

Environment Variables:
PATH=C:\Program Files (x86)\Common Files\Oracle\Java\javapath;C:\WINDOWS\system32;C:\WINDOWS;C:\WINDOWS\System32\Wbem;C:\WINDOWS\System32\WindowsPowerShell\v1.0\;C:\WINDOWS\System32\OpenSSH\;C:\Program Files\Git\cmd;C:\Program Files\Pandoc\;C:\Program Files\nodejs\;C:\Program Files\MySQL\MySQL Shell 8.0\bin\;C:\Users\layan\AppData\Local\Microsoft\WindowsApps;C:\Users\layan\AppData\Local\Programs\Microsoft VS Code\bin;C:\Program Files (x86)\GitHub CLI\;C:\Users\layan\AppData\Roaming\npm;C:\Program Files\Java\jdk-16.0.1\bin;C:\Users\layan\AppData\Local\Android\Sdk\platform-tools;
USERNAME=layan
OS=Windows_NT
PROCESSOR_IDENTIFIER=Intel64 Family 6 Model 126 Stepping 5, GenuineIntel



---------------  S Y S T E M  ---------------

OS: Windows 10 , 64 bit Build 19041 (10.0.19041.1023)
OS uptime: 0 days 10:20 hours

CPU:total 4 (initial active 4) (2 cores per cpu, 2 threads per core) family 6 model 126 stepping 5, cmov, cx8, fxsr, mmx, sse, sse2, sse3, ssse3, sse4.1, sse4.2, popcnt, avx, avx2, aes, clmul, erms, 3dnowpref, lzcnt, ht, tsc, tscinvbit, bmi1, bmi2, adx, evex, sha, fma

Memory: 4k page, system-wide physical 7959M (269M free)
TotalPageFile size 14103M (AvailPageFile size 88M)
current process WorkingSet (physical memory assigned to process): 524M, peak: 632M
current process commit charge ("private bytes"): 724M, peak: 869M

vm_info: OpenJDK 64-Bit Server VM (11.0.8+10-b944.6842174) for windows-amd64 JRE (11.0.8+10-b944.6842174), built on Sep 19 2020 01:11:42 by "builder" with MS VC++ 14.0 (VS2015)

END.
