#
# There is insufficient memory for the Java Runtime Environment to continue.
# Native memory allocation (mmap) failed to map 117440512 bytes for Failed to commit area from 0x0000000090e00000 to 0x0000000097e00000 of length 117440512.
# Possible reasons:
#   The system is out of physical RAM or swap space
#   The process is running with CompressedOops enabled, and the Java Heap may be blocking the growth of the native heap
# Possible solutions:
#   Reduce memory load on the system
#   Increase physical memory or swap space
#   Check if swap backing store is full
#   Decrease Java heap size (-Xmx/-Xms)
#   Decrease number of Java threads
#   Decrease Java thread stack sizes (-Xss)
#   Set larger code cache with -XX:ReservedCodeCacheSize=
# This output file may be truncated or incomplete.
#
#  Out of Memory Error (./src/hotspot/os/windows/os_windows.cpp:3301), pid=2164, tid=13824
#
# JRE version:  (11.0.10) (build )
# Java VM: OpenJDK 64-Bit Server VM (11.0.10+0-b96-7249189, mixed mode, sharing, tiered, compressed oops, g1 gc, windows-amd64)
# No core dump will be written. Minidumps are not enabled by default on client versions of Windows
#

---------------  S U M M A R Y ------------

Command Line: org.jetbrains.git4idea.http.GitAskPassApp Username for 'https://github.com': 

Host: AMD A10-7890K Radeon R7, 12 Compute Cores 4C+8G, 4 cores, 6G,  Windows 10 , 64 bit Build 18362 (10.0.18362.1350)
Time: Fri Aug 13 23:28:06 2021 Sri Lanka Standard Time elapsed time: 0.023611 seconds (0d 0h 0m 0s)

---------------  T H R E A D  ---------------

Current thread (0x000001939c38f800):  JavaThread "Unknown thread" [_thread_in_vm, id=13824, stack(0x0000001043b00000,0x0000001043c00000)]

Stack: [0x0000001043b00000,0x0000001043c00000]
Native frames: (J=compiled Java code, j=interpreted, Vv=VM code, C=native code)
V  [jvm.dll+0x5ecfaa]
V  [jvm.dll+0x722bd5]
V  [jvm.dll+0x72412d]
V  [jvm.dll+0x7247e3]
V  [jvm.dll+0x242928]
V  [jvm.dll+0x5ea374]
V  [jvm.dll+0x5df425]
V  [jvm.dll+0x2fdebb]
V  [jvm.dll+0x2fde2a]
V  [jvm.dll+0x2fdd02]
V  [jvm.dll+0x302bf6]
V  [jvm.dll+0x34b2a3]
V  [jvm.dll+0x34b9a6]
V  [jvm.dll+0x34b3a3]
V  [jvm.dll+0x2d8888]
V  [jvm.dll+0x2d9a37]
V  [jvm.dll+0x701737]
V  [jvm.dll+0x702f2c]
V  [jvm.dll+0x3587d9]
V  [jvm.dll+0x6e4fae]
V  [jvm.dll+0x3c0be3]
V  [jvm.dll+0x3c2e91]
C  [jli.dll+0x5373]
C  [ucrtbase.dll+0x210b2]
C  [KERNEL32.DLL+0x17c24]
C  [ntdll.dll+0x6d721]


---------------  P R O C E S S  ---------------

Threads class SMR info:
_java_thread_list=0x000001939a2988d0, length=0, elements={
}

Java Threads: ( => current thread )

Other Threads:
  0x000001939c3ab800 GCTaskThread "GC Thread#0" [stack: 0x0000001043c00000,0x0000001043d00000] [id=11808]
  0x000001939c3d5800 ConcurrentGCThread "G1 Main Marker" [stack: 0x0000001043d00000,0x0000001043e00000] [id=13592]
  0x000001939c3d8000 ConcurrentGCThread "G1 Conc#0" [stack: 0x0000001043e00000,0x0000001043f00000] [id=2896]

[error occurred during error reporting (printing all threads), id 0xc0000005, EXCEPTION_ACCESS_VIOLATION (0xc0000005) at pc=0x00007ffd6fbc9107]

VM state:not at safepoint (not fully initialized)

VM Mutex/Monitor currently owned by a thread:  ([mutex/lock_event])
[0x000001939c38c2c0] Heap_lock - owner thread: 0x000001939c38f800

Heap address: 0x0000000090e00000, size: 1778 MB, Compressed Oops mode: Non-zero based: 0x0000000090e00000
Narrow klass base: 0x0000000000000000, Narrow klass shift: 0

GC Heap History (0 events):
No events

Deoptimization events (0 events):
No events

Classes redefined (0 events):
No events

Internal exceptions (0 events):
No events

Events (1 events):
Event: 0.010 Loaded shared library C:\Program Files\Android\Android Studio\jre\bin\zip.dll


Dynamic libraries:
0x00007ff676070000 - 0x00007ff67607a000 	C:\Program Files\Android\Android Studio\jre\bin\java.exe
0x00007ffdb0d20000 - 0x00007ffdb0f10000 	C:\WINDOWS\SYSTEM32\ntdll.dll
0x00007ffdb01a0000 - 0x00007ffdb0252000 	C:\WINDOWS\System32\KERNEL32.DLL
0x00007ffdadef0000 - 0x00007ffdae195000 	C:\WINDOWS\System32\KERNELBASE.dll
0x00007ffdaeaa0000 - 0x00007ffdaeb9a000 	C:\WINDOWS\System32\ucrtbase.dll
0x00007ffd9b710000 - 0x00007ffd9b729000 	C:\Program Files\Android\Android Studio\jre\bin\jli.dll
0x00007ffd8b070000 - 0x00007ffd8b087000 	C:\Program Files\Android\Android Studio\jre\bin\VCRUNTIME140.dll
0x00007ffdaee00000 - 0x00007ffdaef94000 	C:\WINDOWS\System32\USER32.dll
0x00007ffdaec30000 - 0x00007ffdaec51000 	C:\WINDOWS\System32\win32u.dll
0x00007ffdaefa0000 - 0x00007ffdaefc6000 	C:\WINDOWS\System32\GDI32.dll
0x00007ffd9e310000 - 0x00007ffd9e594000 	C:\WINDOWS\WinSxS\amd64_microsoft.windows.common-controls_6595b64144ccf1df_6.0.18362.1440_none_9e7dbfb9e45e8e67\COMCTL32.dll
0x00007ffdadd50000 - 0x00007ffdadee8000 	C:\WINDOWS\System32\gdi32full.dll
0x00007ffdb0090000 - 0x00007ffdb012e000 	C:\WINDOWS\System32\msvcrt.dll
0x00007ffdaecb0000 - 0x00007ffdaed4e000 	C:\WINDOWS\System32\msvcp_win.dll
0x00007ffdaf810000 - 0x00007ffdafb46000 	C:\WINDOWS\System32\combase.dll
0x00007ffdaf680000 - 0x00007ffdaf79f000 	C:\WINDOWS\System32\RPCRT4.dll
0x00007ffdaed50000 - 0x00007ffdaedd1000 	C:\WINDOWS\System32\bcryptPrimitives.dll
0x00007ffdafb50000 - 0x00007ffdafb7e000 	C:\WINDOWS\System32\IMM32.DLL
0x00007ffd68060000 - 0x00007ffd680fd000 	C:\Program Files\Android\Android Studio\jre\bin\msvcp140.dll
0x00007ffd6f8e0000 - 0x00007ffd703af000 	C:\Program Files\Android\Android Studio\jre\bin\server\jvm.dll
0x00007ffdaf0a0000 - 0x00007ffdaf143000 	C:\WINDOWS\System32\ADVAPI32.dll
0x00007ffdafb80000 - 0x00007ffdafc17000 	C:\WINDOWS\System32\sechost.dll
0x00007ffdafdf0000 - 0x00007ffdafdf8000 	C:\WINDOWS\System32\PSAPI.DLL
0x00007ffdaa5f0000 - 0x00007ffdaa614000 	C:\WINDOWS\SYSTEM32\WINMM.dll
0x00007ffda6d00000 - 0x00007ffda6d0a000 	C:\WINDOWS\SYSTEM32\VERSION.dll
0x00007ffd99720000 - 0x00007ffd99729000 	C:\WINDOWS\SYSTEM32\WSOCK32.dll
0x00007ffdb0130000 - 0x00007ffdb019f000 	C:\WINDOWS\System32\WS2_32.dll
0x00007ffdaa4d0000 - 0x00007ffdaa4fd000 	C:\WINDOWS\SYSTEM32\WINMMBASE.dll
0x00007ffdaec60000 - 0x00007ffdaecaa000 	C:\WINDOWS\System32\cfgmgr32.dll
0x00007ffdadc80000 - 0x00007ffdadc91000 	C:\WINDOWS\System32\kernel.appcore.dll
0x00007ffdaa860000 - 0x00007ffdaa871000 	C:\Program Files\Android\Android Studio\jre\bin\verify.dll
0x00007ffd994e0000 - 0x00007ffd996d4000 	C:\WINDOWS\SYSTEM32\DBGHELP.DLL
0x00007ffd993e0000 - 0x00007ffd9940a000 	C:\WINDOWS\SYSTEM32\dbgcore.DLL
0x00007ffdaa830000 - 0x00007ffdaa859000 	C:\Program Files\Android\Android Studio\jre\bin\java.dll
0x00007ffdaa820000 - 0x00007ffdaa82b000 	C:\Program Files\Android\Android Studio\jre\bin\jimage.dll
0x00007ffdaa800000 - 0x00007ffdaa818000 	C:\Program Files\Android\Android Studio\jre\bin\zip.dll

dbghelp: loaded successfully - version: 4.0.5 - missing functions: none
symbol engine: initialized successfully - sym options: 0x614 - pdb path: .;C:\Program Files\Android\Android Studio\jre\bin;C:\WINDOWS\SYSTEM32;C:\WINDOWS\WinSxS\amd64_microsoft.windows.common-controls_6595b64144ccf1df_6.0.18362.1440_none_9e7dbfb9e45e8e67;C:\Program Files\Android\Android Studio\jre\bin\server

VM Arguments:
java_command: org.jetbrains.git4idea.http.GitAskPassApp Username for 'https://github.com': 
java_class_path (initial): C:/Program Files/Android/Android Studio/plugins/git4idea/lib/git4idea-rt.jar;C:/Program Files/Android/Android Studio/lib/xmlrpc-2.0.1.jar;C:/Program Files/Android/Android Studio/lib/commons-codec-1.14.jar
Launcher Type: SUN_STANDARD

[Global flags]
     intx CICompilerCount                          = 3                                         {product} {ergonomic}
     uint ConcGCThreads                            = 1                                         {product} {ergonomic}
     uint G1ConcRefinementThreads                  = 4                                         {product} {ergonomic}
   size_t G1HeapRegionSize                         = 1048576                                   {product} {ergonomic}
    uintx GCDrainStackTargetSize                   = 64                                        {product} {ergonomic}
   size_t InitialHeapSize                          = 117440512                                 {product} {ergonomic}
   size_t MarkStackSize                            = 4194304                                   {product} {ergonomic}
   size_t MaxHeapSize                              = 1864368128                                {product} {ergonomic}
   size_t MinHeapDeltaBytes                        = 1048576                                   {product} {ergonomic}
    uintx NonNMethodCodeHeapSize                   = 5830732                                {pd product} {ergonomic}
    uintx NonProfiledCodeHeapSize                  = 122913754                              {pd product} {ergonomic}
    uintx ProfiledCodeHeapSize                     = 122913754                              {pd product} {ergonomic}
    uintx ReservedCodeCacheSize                    = 251658240                              {pd product} {ergonomic}
     bool SegmentedCodeCache                       = true                                      {product} {ergonomic}
     bool UseCompressedClassPointers               = true                                 {lp64_product} {ergonomic}
     bool UseCompressedOops                        = true                                 {lp64_product} {ergonomic}
     bool UseG1GC                                  = true                                      {product} {ergonomic}
     bool UseLargePagesIndividualAllocation        = false                                  {pd product} {ergonomic}

Logging:
Log output configuration:
 #0: stdout all=warning uptime,level,tags
 #1: stderr all=off uptime,level,tags

Environment Variables:
JAVA_HOME=C:\Program Files\Java\jdk1.8.0_51
PATH=C:\Program Files\Git\mingw64\libexec\git-core;C:\Program Files\Git\mingw64\libexec\git-core;C:\Program Files\Git\mingw64\bin;C:\Program Files\Git\usr\bin;D:\navindu\bin;C:\Program Files (x86)\Common Files\Intel\Shared Libraries\redist\intel64_win\compiler;C:\Program Files (x86)\Common Files\Oracle\Java\javapath;C:\ProgramData\Oracle\Java\javapath;C:\WINDOWS\system32;C:\WINDOWS;C:\WINDOWS\System32\Wbem;C:\WINDOWS\System32\WindowsPowerShell\v1.0;C:\Program Files (x86)\NVIDIA Corporation\PhysX\Common;C:\FPC\3.0.0\bin\i386-Win32;C\Users\navindu\AppData\Local\Android\sdk\platform-tools;C:\Users\navindu\AppData\Local\Android\sdk\tools;C:\WINDOWS\system32;C:\WINDOWS;C:\WINDOWS\System32\Wbem;C:\WINDOWS\System32\WindowsPowerShell\v1.0;C:\Program Files (x86)\Common Files\Acronis\SnapAPI;C:\Program Files (x86)\ATI Technologies\ATI.ACE\Core-Static;C:\Program Files\PuTTY;C:\Program Files\Git\cmd;C:\WINDOWS\System32\OpenSSH;C:\Program Files\NVIDIA Corporation\NVIDIA NvDLISR;N:\Apps\geckodriver;C:\Program Files (x86)\QuickTime\QTSystem;C:\Program Files\dotnet;C:\Program Files (x86)\Yarn\bin;N:\Apps;C:\Program Files\MySQL\MySQL Shell 8.0\bin;C:\Users\navindu\AppData\Local\Programs\Python\Python37-32\Scripts;C:\Users\navindu\AppData\Local\Programs\Python\Python37-32;C:\Users\navindu\AppData\Local\atom\bin;C:\Users\navindu\AppData\Local\Microsoft\WindowsApps;C:\Python31;N:\Apps\Microsoft VS Code\bin;N:\Apps\flutter\bin;N:\Apps\MongoDBServer\bin;C:\Users\navindu\AppData\Local\Google\Cloud SDK\google-cloud-sdk\bin;C:\Program Files\Java\jdk1.8.0_65\bin;C:\Users\navindu\.dotnet\tools;C:\Users\navindu\AppData\Local\Yarn\bin;C:\Users\navindu\AppData\Roaming\npm;C:\Program Files\heroku\bin;C:\Users\navindu\AppData\Local\gitkraken\bin;R:\IntelliJ IDEA\IntelliJ IDEA Community Edition 2020.3.2\bin;R:\spotifytui;T:\youtube-dl
USERNAME=NAViNDU
DISPLAY=:0.0
LC_ALL=en_US.UTF-8
OS=Windows_NT
PROCESSOR_IDENTIFIER=AMD64 Family 21 Model 56 Stepping 1, AuthenticAMD



---------------  S Y S T E M  ---------------

OS: Windows 10 , 64 bit Build 18362 (10.0.18362.1350)
OS uptime: 0 days 5:10 hours
Hyper-V role detected

CPU:total 4 (initial active 4) (4 cores per cpu, 1 threads per core) family 21 model 56 stepping 1 microcode 0x0, cmov, cx8, fxsr, mmx, sse, sse2, sse3, ssse3, sse4.1, sse4.2, popcnt, avx, aes, clmul, mmxext, 3dnowpref, lzcnt, sse4a, tsc, tscinvbit, tscinv, bmi1, fma

Memory: 4k page, system-wide physical 7110M (1083M free)
TotalPageFile size 12192M (AvailPageFile size 14M)
current process WorkingSet (physical memory assigned to process): 9M, peak: 9M
current process commit charge ("private bytes"): 51M, peak: 163M

vm_info: OpenJDK 64-Bit Server VM (11.0.10+0-b96-7249189) for windows-amd64 JRE (11.0.10+0-b96-7249189), built on Mar 31 2021 21:44:00 by "builder" with MS VC++ 14.0 (VS2015)

END.
