#
# There is insufficient memory for the Java Runtime Environment to continue.
# Native memory allocation (malloc) failed to allocate 1097216 bytes for Chunk::new
# Possible reasons:
#   The system is out of physical RAM or swap space
#   The process is running with CompressedOops enabled, and the Java Heap may be blocking the growth of the native heap
# Possible solutions:
#   Reduce memory load on the system
#   Increase physical memory or swap space
#   Check if swap backing store is full
#   Decrease Java heap size (-Xmx/-Xms)
#   Decrease number of Java threads
#   Decrease Java thread stack sizes (-Xss)
#   Set larger code cache with -XX:ReservedCodeCacheSize=
#   JVM is running with Unscaled Compressed Oops mode in which the Java heap is
#     placed in the first 4GB address space. The Java Heap base address is the
#     maximum limit for the native heap growth. Please use -XX:HeapBaseMinAddress
#     to set the Java Heap base and to place the Java Heap above 4GB virtual address.
# This output file may be truncated or incomplete.
#
#  Out of Memory Error (./src/hotspot/share/memory/arena.cpp:197), pid=4344, tid=8436
#
# JRE version: OpenJDK Runtime Environment (11.0.8+10) (build 11.0.8+10-b944.6842174)
# Java VM: OpenJDK 64-Bit Server VM (11.0.8+10-b944.6842174, mixed mode, tiered, compressed oops, g1 gc, windows-amd64)
# No core dump will be written. Minidumps are not enabled by default on client versions of Windows
#

---------------  S U M M A R Y ------------

Command Line: --add-opens=java.base/java.util=ALL-UNNAMED --add-opens=java.base/java.lang=ALL-UNNAMED --add-opens=java.base/java.lang.invoke=ALL-UNNAMED --add-opens=java.base/java.util=ALL-UNNAMED --add-opens=java.prefs/java.util.prefs=ALL-UNNAMED --add-opens=java.prefs/java.util.prefs=ALL-UNNAMED --add-opens=java.base/java.nio.charset=ALL-UNNAMED --add-opens=java.base/java.net=ALL-UNNAMED --add-opens=java.base/java.util.concurrent.atomic=ALL-UNNAMED -Xmx2048m -Dfile.encoding=UTF-8 -Duser.country=US -Duser.language=en -Duser.variant org.gradle.launcher.daemon.bootstrap.GradleDaemon 7.0.2

Host: Intel(R) Core(TM) i3-1005G1 CPU @ 1.20GHz, 4 cores, 7G,  Windows 10 , 64 bit Build 19041 (10.0.19041.1023)
Time: Fri Aug 13 00:05:55 2021 Sri Lanka Standard Time elapsed time: 7 seconds (0d 0h 0m 7s)

---------------  T H R E A D  ---------------

Current thread (0x00000198b4fb1000):  JavaThread "C2 CompilerThread1" daemon [_thread_in_native, id=8436, stack(0x0000003ba2900000,0x0000003ba2a00000)]


Current CompileTask:
C2:   7890 2579       4       jdk.internal.loader.URLClassPath::getResource (74 bytes)

Stack: [0x0000003ba2900000,0x0000003ba2a00000]
Native frames: (J=compiled Java code, j=interpreted, Vv=VM code, C=native code)
V  [jvm.dll+0x5de50a]
V  [jvm.dll+0x7122f5]
V  [jvm.dll+0x71384d]
V  [jvm.dll+0x713f03]
V  [jvm.dll+0x23e728]
V  [jvm.dll+0xb899c]
V  [jvm.dll+0xb8e9c]
V  [jvm.dll+0x2b20e4]
V  [jvm.dll+0x502098]
V  [jvm.dll+0x1ff393]
V  [jvm.dll+0x1f917c]
V  [jvm.dll+0x1f685f]
V  [jvm.dll+0x17f32c]
V  [jvm.dll+0x205047]
V  [jvm.dll+0x203891]
V  [jvm.dll+0x6dad3f]
V  [jvm.dll+0x6d3895]
V  [jvm.dll+0x5dd4a6]
C  [ucrtbase.dll+0x21bb2]
C  [KERNEL32.DLL+0x17034]
C  [ntdll.dll+0x52651]


---------------  P R O C E S S  ---------------

Threads class SMR info:
_java_thread_list=0x00000198b4264b90, length=31, elements={
0x000001989738c000, 0x00000198b0dee800, 0x00000198b0def800, 0x00000198b0e05800,
0x00000198b0e07800, 0x00000198b0e09000, 0x00000198b17a6800, 0x00000198b17c1800,
0x00000198b18a6800, 0x00000198b18b9000, 0x00000198b30d4000, 0x00000198b38d7000,
0x00000198b3154800, 0x00000198b2e36800, 0x00000198b42ef800, 0x00000198b3203000,
0x00000198b31ff800, 0x00000198b3201000, 0x00000198b31fe000, 0x00000198b3202000,
0x00000198b3203800, 0x00000198b31fe800, 0x00000198b3200800, 0x00000198b3204800,
0x00000198b4336000, 0x00000198b4337000, 0x00000198b4335800, 0x00000198b4334800,
0x00000198b4333000, 0x00000198b4334000, 0x00000198b4fb1000
}

Java Threads: ( => current thread )
  0x000001989738c000 JavaThread "main" [_thread_blocked, id=6140, stack(0x0000003ba0200000,0x0000003ba0300000)]
  0x00000198b0dee800 JavaThread "Reference Handler" daemon [_thread_blocked, id=1300, stack(0x0000003ba0900000,0x0000003ba0a00000)]
  0x00000198b0def800 JavaThread "Finalizer" daemon [_thread_blocked, id=7448, stack(0x0000003ba0a00000,0x0000003ba0b00000)]
  0x00000198b0e05800 JavaThread "Signal Dispatcher" daemon [_thread_blocked, id=7184, stack(0x0000003ba0b00000,0x0000003ba0c00000)]
  0x00000198b0e07800 JavaThread "Attach Listener" daemon [_thread_blocked, id=9532, stack(0x0000003ba0c00000,0x0000003ba0d00000)]
  0x00000198b0e09000 JavaThread "C2 CompilerThread0" daemon [_thread_blocked, id=9556, stack(0x0000003ba0d00000,0x0000003ba0e00000)]
  0x00000198b17a6800 JavaThread "C1 CompilerThread0" daemon [_thread_blocked, id=11336, stack(0x0000003ba0e00000,0x0000003ba0f00000)]
  0x00000198b17c1800 JavaThread "Sweeper thread" daemon [_thread_blocked, id=10856, stack(0x0000003ba0f00000,0x0000003ba1000000)]
  0x00000198b18a6800 JavaThread "Common-Cleaner" daemon [_thread_blocked, id=2552, stack(0x0000003ba1000000,0x0000003ba1100000)]
  0x00000198b18b9000 JavaThread "Service Thread" daemon [_thread_blocked, id=9636, stack(0x0000003ba1100000,0x0000003ba1200000)]
  0x00000198b30d4000 JavaThread "Daemon health stats" [_thread_blocked, id=7052, stack(0x0000003ba1600000,0x0000003ba1700000)]
  0x00000198b38d7000 JavaThread "Incoming local TCP Connector on port 49563" [_thread_in_native, id=12192, stack(0x0000003ba1300000,0x0000003ba1400000)]
  0x00000198b3154800 JavaThread "Daemon" [_thread_blocked, id=7652, stack(0x0000003ba1700000,0x0000003ba1800000)]
  0x00000198b2e36800 JavaThread "Daemon periodic checks" [_thread_blocked, id=6344, stack(0x0000003ba1800000,0x0000003ba1900000)]
  0x00000198b42ef800 JavaThread "Handler for socket connection from /127.0.0.1:49563 to /127.0.0.1:49565" [_thread_in_native, id=12156, stack(0x0000003ba1900000,0x0000003ba1a00000)]
  0x00000198b3203000 JavaThread "Cancel handler" [_thread_blocked, id=7520, stack(0x0000003ba1a00000,0x0000003ba1b00000)]
  0x00000198b31ff800 JavaThread "Daemon worker" [_thread_in_vm, id=11288, stack(0x0000003ba1b00000,0x0000003ba1c00000)]
  0x00000198b3201000 JavaThread "Asynchronous log dispatcher for DefaultDaemonConnection: socket connection from /127.0.0.1:49563 to /127.0.0.1:49565" [_thread_blocked, id=4236, stack(0x0000003ba1c00000,0x0000003ba1d00000)]
  0x00000198b31fe000 JavaThread "Stdin handler" [_thread_blocked, id=12004, stack(0x0000003ba1d00000,0x0000003ba1e00000)]
  0x00000198b3202000 JavaThread "Daemon client event forwarder" [_thread_blocked, id=5176, stack(0x0000003ba1e00000,0x0000003ba1f00000)]
  0x00000198b3203800 JavaThread "Cache worker for file hash cache (C:\Users\layan\.gradle\caches\7.0.2\fileHashes)" [_thread_blocked, id=11772, stack(0x0000003ba1f00000,0x0000003ba2000000)]
  0x00000198b31fe800 JavaThread "File lock request listener" [_thread_in_native, id=12056, stack(0x0000003ba2000000,0x0000003ba2100000)]
  0x00000198b3200800 JavaThread "Cache worker for journal cache (C:\Users\layan\.gradle\caches\journal-1)" [_thread_blocked, id=6572, stack(0x0000003ba2200000,0x0000003ba2300000)]
  0x00000198b3204800 JavaThread "Cache worker for file hash cache (C:\Users\layan\AndroidStudioProjects\FitPal\.gradle\7.0.2\fileHashes)" [_thread_blocked, id=11116, stack(0x0000003ba2300000,0x0000003ba2400000)]
  0x00000198b4336000 JavaThread "File watcher server" daemon [_thread_in_native, id=1440, stack(0x0000003ba2400000,0x0000003ba2500000)]
  0x00000198b4337000 JavaThread "File watcher consumer" daemon [_thread_blocked, id=7704, stack(0x0000003ba2500000,0x0000003ba2600000)]
  0x00000198b4335800 JavaThread "Cache worker for checksums cache (C:\Users\layan\AndroidStudioProjects\FitPal\.gradle\checksums)" [_thread_blocked, id=10828, stack(0x0000003ba2600000,0x0000003ba2700000)]
  0x00000198b4334800 JavaThread "Cache worker for cache directory md-supplier (C:\Users\layan\.gradle\caches\7.0.2\md-supplier)" [_thread_blocked, id=8668, stack(0x0000003ba2700000,0x0000003ba2800000)]
  0x00000198b4333000 JavaThread "Cache worker for cache directory md-rule (C:\Users\layan\.gradle\caches\7.0.2\md-rule)" [_thread_blocked, id=9744, stack(0x0000003ba2800000,0x0000003ba2900000)]
  0x00000198b4334000 JavaThread "Cache worker for execution history cache (C:\Users\layan\.gradle\caches\7.0.2\executionHistory)" [_thread_blocked, id=9500, stack(0x0000003ba2a00000,0x0000003ba2b00000)]
=>0x00000198b4fb1000 JavaThread "C2 CompilerThread1" daemon [_thread_in_native, id=8436, stack(0x0000003ba2900000,0x0000003ba2a00000)]

Other Threads:
  0x00000198b0dec000 VMThread "VM Thread" [stack: 0x0000003ba0800000,0x0000003ba0900000] [id=9248]
  0x00000198b18c3000 WatcherThread [stack: 0x0000003ba1200000,0x0000003ba1300000] [id=7832]
  0x00000198973a5000 GCTaskThread "GC Thread#0" [stack: 0x0000003ba0300000,0x0000003ba0400000] [id=6236]
  0x00000198b1baa000 GCTaskThread "GC Thread#1" [stack: 0x0000003ba1400000,0x0000003ba1500000] [id=1888]
  0x00000198b1bb2800 GCTaskThread "GC Thread#2" [stack: 0x0000003ba1500000,0x0000003ba1600000] [id=12152]
  0x00000198b2bc1800 GCTaskThread "GC Thread#3" [stack: 0x0000003ba2100000,0x0000003ba2200000] [id=11208]
  0x00000198973d4800 ConcurrentGCThread "G1 Main Marker" [stack: 0x0000003ba0400000,0x0000003ba0500000] [id=5968]
  0x00000198973d6000 ConcurrentGCThread "G1 Conc#0" [stack: 0x0000003ba0500000,0x0000003ba0600000] [id=5548]
  0x0000019897461800 ConcurrentGCThread "G1 Refine#0" [stack: 0x0000003ba0600000,0x0000003ba0700000] [id=5360]
  0x0000019897464800 ConcurrentGCThread "G1 Young RemSet Sampling" [stack: 0x0000003ba0700000,0x0000003ba0800000] [id=2736]

Threads with active compile tasks:
C2 CompilerThread0   7923 2660       4       java.util.HashMap::get (23 bytes)
C1 CompilerThread0   7923 2659       3       org.codehaus.groovy.vmplugin.v9.Java9$$Lambda$240/0x0000000100442040::<init> (10 bytes)
C2 CompilerThread1   7923 2579       4       jdk.internal.loader.URLClassPath::getResource (74 bytes)

VM state:not at safepoint (normal execution)

VM Mutex/Monitor currently owned by a thread: None

Heap address: 0x0000000080000000, size: 2048 MB, Compressed Oops mode: 32-bit
Narrow klass base: 0x0000000000000000, Narrow klass shift: 3
Compressed class space size: 1073741824 Address: 0x0000000100000000

Heap:
 garbage-first heap   total 129024K, used 50174K [0x0000000080000000, 0x0000000100000000)
  region size 1024K, 39 young (39936K), 7 survivors (7168K)
 Metaspace       used 30876K, capacity 31582K, committed 31792K, reserved 1077248K
  class space    used 4127K, capacity 4363K, committed 4480K, reserved 1048576K
Heap Regions: E=young(eden), S=young(survivor), O=old, HS=humongous(starts), HC=humongous(continues), CS=collection set, F=free, A=archive, TAMS=top-at-mark-start (previous, next)
|   0|0x0000000080000000, 0x0000000080100000, 0x0000000080100000|100%| O|  |TAMS 0x0000000080100000, 0x0000000080000000| Untracked 
|   1|0x0000000080100000, 0x0000000080200000, 0x0000000080200000|100%| O|  |TAMS 0x00000000801afa00, 0x0000000080100000| Untracked 
|   2|0x0000000080200000, 0x0000000080300000, 0x0000000080300000|100%| O|  |TAMS 0x0000000080200000, 0x0000000080200000| Untracked 
|   3|0x0000000080300000, 0x0000000080400000, 0x0000000080400000|100%|HS|  |TAMS 0x0000000080400000, 0x0000000080300000| Complete 
|   4|0x0000000080400000, 0x0000000080500000, 0x0000000080500000|100%|HC|  |TAMS 0x0000000080500000, 0x0000000080400000| Complete 
|   5|0x0000000080500000, 0x0000000080600000, 0x0000000080600000|100%|HC|  |TAMS 0x0000000080600000, 0x0000000080500000| Complete 
|   6|0x0000000080600000, 0x0000000080700000, 0x0000000080700000|100%| O|  |TAMS 0x0000000080700000, 0x0000000080600000| Untracked 
|   7|0x0000000080700000, 0x0000000080800000, 0x0000000080800000|100%| O|  |TAMS 0x0000000080800000, 0x0000000080700000| Untracked 
|   8|0x0000000080800000, 0x0000000080900000, 0x0000000080900000|100%| O|  |TAMS 0x0000000080900000, 0x0000000080800000| Untracked 
|   9|0x0000000080900000, 0x0000000080a00000, 0x0000000080a00000|100%| O|  |TAMS 0x0000000080900000, 0x0000000080900000| Untracked 
|  10|0x0000000080a00000, 0x0000000080b00000, 0x0000000080b00000|100%| O|  |TAMS 0x0000000080a00000, 0x0000000080a00000| Untracked 
|  11|0x0000000080b00000, 0x0000000080b1b000, 0x0000000080c00000| 10%| O|  |TAMS 0x0000000080b00000, 0x0000000080b00000| Untracked 
|  12|0x0000000080c00000, 0x0000000080c00000, 0x0000000080d00000|  0%| F|  |TAMS 0x0000000080c00000, 0x0000000080c00000| Untracked 
|  13|0x0000000080d00000, 0x0000000080d00000, 0x0000000080e00000|  0%| F|  |TAMS 0x0000000080d00000, 0x0000000080d00000| Untracked 
|  14|0x0000000080e00000, 0x0000000080e00000, 0x0000000080f00000|  0%| F|  |TAMS 0x0000000080e00000, 0x0000000080e00000| Untracked 
|  15|0x0000000080f00000, 0x0000000080f00000, 0x0000000081000000|  0%| F|  |TAMS 0x0000000080f00000, 0x0000000080f00000| Untracked 
|  16|0x0000000081000000, 0x0000000081000000, 0x0000000081100000|  0%| F|  |TAMS 0x0000000081000000, 0x0000000081000000| Untracked 
|  17|0x0000000081100000, 0x0000000081100000, 0x0000000081200000|  0%| F|  |TAMS 0x0000000081100000, 0x0000000081100000| Untracked 
|  18|0x0000000081200000, 0x0000000081200000, 0x0000000081300000|  0%| F|  |TAMS 0x0000000081200000, 0x0000000081200000| Untracked 
|  19|0x0000000081300000, 0x0000000081300000, 0x0000000081400000|  0%| F|  |TAMS 0x0000000081300000, 0x0000000081300000| Untracked 
|  20|0x0000000081400000, 0x0000000081400000, 0x0000000081500000|  0%| F|  |TAMS 0x0000000081400000, 0x0000000081400000| Untracked 
|  21|0x0000000081500000, 0x0000000081500000, 0x0000000081600000|  0%| F|  |TAMS 0x0000000081500000, 0x0000000081500000| Untracked 
|  22|0x0000000081600000, 0x0000000081600000, 0x0000000081700000|  0%| F|  |TAMS 0x0000000081600000, 0x0000000081600000| Untracked 
|  23|0x0000000081700000, 0x0000000081700000, 0x0000000081800000|  0%| F|  |TAMS 0x0000000081700000, 0x0000000081700000| Untracked 
|  24|0x0000000081800000, 0x0000000081800000, 0x0000000081900000|  0%| F|  |TAMS 0x0000000081800000, 0x0000000081800000| Untracked 
|  25|0x0000000081900000, 0x0000000081900000, 0x0000000081a00000|  0%| F|  |TAMS 0x0000000081900000, 0x0000000081900000| Untracked 
|  26|0x0000000081a00000, 0x0000000081a00000, 0x0000000081b00000|  0%| F|  |TAMS 0x0000000081a00000, 0x0000000081a00000| Untracked 
|  27|0x0000000081b00000, 0x0000000081b00000, 0x0000000081c00000|  0%| F|  |TAMS 0x0000000081b00000, 0x0000000081b00000| Untracked 
|  28|0x0000000081c00000, 0x0000000081c00000, 0x0000000081d00000|  0%| F|  |TAMS 0x0000000081c00000, 0x0000000081c00000| Untracked 
|  29|0x0000000081d00000, 0x0000000081d00000, 0x0000000081e00000|  0%| F|  |TAMS 0x0000000081d00000, 0x0000000081d00000| Untracked 
|  30|0x0000000081e00000, 0x0000000081e00000, 0x0000000081f00000|  0%| F|  |TAMS 0x0000000081e00000, 0x0000000081e00000| Untracked 
|  31|0x0000000081f00000, 0x0000000081f00000, 0x0000000082000000|  0%| F|  |TAMS 0x0000000081f00000, 0x0000000081f00000| Untracked 
|  32|0x0000000082000000, 0x0000000082000000, 0x0000000082100000|  0%| F|  |TAMS 0x0000000082000000, 0x0000000082000000| Untracked 
|  33|0x0000000082100000, 0x0000000082100000, 0x0000000082200000|  0%| F|  |TAMS 0x0000000082100000, 0x0000000082100000| Untracked 
|  34|0x0000000082200000, 0x0000000082200000, 0x0000000082300000|  0%| F|  |TAMS 0x0000000082200000, 0x0000000082200000| Untracked 
|  35|0x0000000082300000, 0x0000000082300000, 0x0000000082400000|  0%| F|  |TAMS 0x0000000082300000, 0x0000000082300000| Untracked 
|  36|0x0000000082400000, 0x0000000082400000, 0x0000000082500000|  0%| F|  |TAMS 0x0000000082400000, 0x0000000082400000| Untracked 
|  37|0x0000000082500000, 0x0000000082500000, 0x0000000082600000|  0%| F|  |TAMS 0x0000000082500000, 0x0000000082500000| Untracked 
|  38|0x0000000082600000, 0x0000000082600000, 0x0000000082700000|  0%| F|  |TAMS 0x0000000082600000, 0x0000000082600000| Untracked 
|  39|0x0000000082700000, 0x0000000082700000, 0x0000000082800000|  0%| F|  |TAMS 0x0000000082700000, 0x0000000082700000| Untracked 
|  40|0x0000000082800000, 0x0000000082800000, 0x0000000082900000|  0%| F|  |TAMS 0x0000000082800000, 0x0000000082800000| Untracked 
|  41|0x0000000082900000, 0x0000000082900000, 0x0000000082a00000|  0%| F|  |TAMS 0x0000000082900000, 0x0000000082900000| Untracked 
|  42|0x0000000082a00000, 0x0000000082a00000, 0x0000000082b00000|  0%| F|  |TAMS 0x0000000082a00000, 0x0000000082a00000| Untracked 
|  43|0x0000000082b00000, 0x0000000082b00000, 0x0000000082c00000|  0%| F|  |TAMS 0x0000000082b00000, 0x0000000082b00000| Untracked 
|  44|0x0000000082c00000, 0x0000000082c00000, 0x0000000082d00000|  0%| F|  |TAMS 0x0000000082c00000, 0x0000000082c00000| Untracked 
|  45|0x0000000082d00000, 0x0000000082d00000, 0x0000000082e00000|  0%| F|  |TAMS 0x0000000082d00000, 0x0000000082d00000| Untracked 
|  46|0x0000000082e00000, 0x0000000082ee4850, 0x0000000082f00000| 89%| S|CS|TAMS 0x0000000082e00000, 0x0000000082e00000| Complete 
|  47|0x0000000082f00000, 0x0000000083000000, 0x0000000083000000|100%| S|CS|TAMS 0x0000000082f00000, 0x0000000082f00000| Complete 
|  48|0x0000000083000000, 0x0000000083100000, 0x0000000083100000|100%| S|CS|TAMS 0x0000000083000000, 0x0000000083000000| Complete 
|  49|0x0000000083100000, 0x0000000083200000, 0x0000000083200000|100%| S|CS|TAMS 0x0000000083100000, 0x0000000083100000| Complete 
|  50|0x0000000083200000, 0x0000000083200000, 0x0000000083300000|  0%| F|  |TAMS 0x0000000083200000, 0x0000000083200000| Untracked 
|  51|0x0000000083300000, 0x0000000083300000, 0x0000000083400000|  0%| F|  |TAMS 0x0000000083300000, 0x0000000083300000| Untracked 
|  52|0x0000000083400000, 0x0000000083400000, 0x0000000083500000|  0%| F|  |TAMS 0x0000000083400000, 0x0000000083400000| Untracked 
|  53|0x0000000083500000, 0x0000000083500000, 0x0000000083600000|  0%| F|  |TAMS 0x0000000083500000, 0x0000000083500000| Untracked 
|  54|0x0000000083600000, 0x0000000083600000, 0x0000000083700000|  0%| F|  |TAMS 0x0000000083600000, 0x0000000083600000| Untracked 
|  55|0x0000000083700000, 0x0000000083700000, 0x0000000083800000|  0%| F|  |TAMS 0x0000000083700000, 0x0000000083700000| Untracked 
|  56|0x0000000083800000, 0x0000000083800000, 0x0000000083900000|  0%| F|  |TAMS 0x0000000083800000, 0x0000000083800000| Untracked 
|  57|0x0000000083900000, 0x0000000083900000, 0x0000000083a00000|  0%| F|  |TAMS 0x0000000083900000, 0x0000000083900000| Untracked 
|  58|0x0000000083a00000, 0x0000000083a00000, 0x0000000083b00000|  0%| F|  |TAMS 0x0000000083a00000, 0x0000000083a00000| Untracked 
|  59|0x0000000083b00000, 0x0000000083c00000, 0x0000000083c00000|100%| S|CS|TAMS 0x0000000083b00000, 0x0000000083b00000| Complete 
|  60|0x0000000083c00000, 0x0000000083d00000, 0x0000000083d00000|100%| S|CS|TAMS 0x0000000083c00000, 0x0000000083c00000| Complete 
|  61|0x0000000083d00000, 0x0000000083e00000, 0x0000000083e00000|100%| S|CS|TAMS 0x0000000083d00000, 0x0000000083d00000| Complete 
|  62|0x0000000083e00000, 0x0000000083e00000, 0x0000000083f00000|  0%| F|  |TAMS 0x0000000083e00000, 0x0000000083e00000| Untracked 
|  63|0x0000000083f00000, 0x0000000083f00000, 0x0000000084000000|  0%| F|  |TAMS 0x0000000083f00000, 0x0000000083f00000| Untracked 
|  64|0x0000000084000000, 0x0000000084000000, 0x0000000084100000|  0%| F|  |TAMS 0x0000000084000000, 0x0000000084000000| Untracked 
|  65|0x0000000084100000, 0x0000000084100000, 0x0000000084200000|  0%| F|  |TAMS 0x0000000084100000, 0x0000000084100000| Untracked 
|  66|0x0000000084200000, 0x0000000084200000, 0x0000000084300000|  0%| F|  |TAMS 0x0000000084200000, 0x0000000084200000| Untracked 
|  67|0x0000000084300000, 0x0000000084300000, 0x0000000084400000|  0%| F|  |TAMS 0x0000000084300000, 0x0000000084300000| Untracked 
|  68|0x0000000084400000, 0x0000000084400000, 0x0000000084500000|  0%| F|  |TAMS 0x0000000084400000, 0x0000000084400000| Untracked 
|  69|0x0000000084500000, 0x0000000084500000, 0x0000000084600000|  0%| F|  |TAMS 0x0000000084500000, 0x0000000084500000| Untracked 
|  70|0x0000000084600000, 0x0000000084600000, 0x0000000084700000|  0%| F|  |TAMS 0x0000000084600000, 0x0000000084600000| Untracked 
|  71|0x0000000084700000, 0x0000000084700000, 0x0000000084800000|  0%| F|  |TAMS 0x0000000084700000, 0x0000000084700000| Untracked 
|  72|0x0000000084800000, 0x0000000084800000, 0x0000000084900000|  0%| F|  |TAMS 0x0000000084800000, 0x0000000084800000| Untracked 
|  73|0x0000000084900000, 0x0000000084900000, 0x0000000084a00000|  0%| F|  |TAMS 0x0000000084900000, 0x0000000084900000| Untracked 
|  74|0x0000000084a00000, 0x0000000084a00000, 0x0000000084b00000|  0%| F|  |TAMS 0x0000000084a00000, 0x0000000084a00000| Untracked 
|  75|0x0000000084b00000, 0x0000000084b00000, 0x0000000084c00000|  0%| F|  |TAMS 0x0000000084b00000, 0x0000000084b00000| Untracked 
|  76|0x0000000084c00000, 0x0000000084c00000, 0x0000000084d00000|  0%| F|  |TAMS 0x0000000084c00000, 0x0000000084c00000| Untracked 
|  77|0x0000000084d00000, 0x0000000084d00000, 0x0000000084e00000|  0%| F|  |TAMS 0x0000000084d00000, 0x0000000084d00000| Untracked 
|  78|0x0000000084e00000, 0x0000000084e00000, 0x0000000084f00000|  0%| F|  |TAMS 0x0000000084e00000, 0x0000000084e00000| Untracked 
|  79|0x0000000084f00000, 0x0000000084f00000, 0x0000000085000000|  0%| F|  |TAMS 0x0000000084f00000, 0x0000000084f00000| Untracked 
|  80|0x0000000085000000, 0x0000000085000000, 0x0000000085100000|  0%| F|  |TAMS 0x0000000085000000, 0x0000000085000000| Untracked 
|  81|0x0000000085100000, 0x0000000085100000, 0x0000000085200000|  0%| F|  |TAMS 0x0000000085100000, 0x0000000085100000| Untracked 
|  82|0x0000000085200000, 0x0000000085200000, 0x0000000085300000|  0%| F|  |TAMS 0x0000000085200000, 0x0000000085200000| Untracked 
|  83|0x0000000085300000, 0x0000000085300000, 0x0000000085400000|  0%| F|  |TAMS 0x0000000085300000, 0x0000000085300000| Untracked 
|  84|0x0000000085400000, 0x0000000085400000, 0x0000000085500000|  0%| F|  |TAMS 0x0000000085400000, 0x0000000085400000| Untracked 
|  85|0x0000000085500000, 0x0000000085500000, 0x0000000085600000|  0%| F|  |TAMS 0x0000000085500000, 0x0000000085500000| Untracked 
|  86|0x0000000085600000, 0x0000000085600000, 0x0000000085700000|  0%| F|  |TAMS 0x0000000085600000, 0x0000000085600000| Untracked 
|  87|0x0000000085700000, 0x0000000085700000, 0x0000000085800000|  0%| F|  |TAMS 0x0000000085700000, 0x0000000085700000| Untracked 
|  88|0x0000000085800000, 0x0000000085800000, 0x0000000085900000|  0%| F|  |TAMS 0x0000000085800000, 0x0000000085800000| Untracked 
|  89|0x0000000085900000, 0x0000000085900000, 0x0000000085a00000|  0%| F|  |TAMS 0x0000000085900000, 0x0000000085900000| Untracked 
|  90|0x0000000085a00000, 0x0000000085a00000, 0x0000000085b00000|  0%| F|  |TAMS 0x0000000085a00000, 0x0000000085a00000| Untracked 
|  91|0x0000000085b00000, 0x0000000085b00000, 0x0000000085c00000|  0%| F|  |TAMS 0x0000000085b00000, 0x0000000085b00000| Untracked 
|  92|0x0000000085c00000, 0x0000000085c00000, 0x0000000085d00000|  0%| F|  |TAMS 0x0000000085c00000, 0x0000000085c00000| Untracked 
|  93|0x0000000085d00000, 0x0000000085d00000, 0x0000000085e00000|  0%| F|  |TAMS 0x0000000085d00000, 0x0000000085d00000| Untracked 
|  94|0x0000000085e00000, 0x0000000085e80800, 0x0000000085f00000| 50%| E|  |TAMS 0x0000000085e00000, 0x0000000085e00000| Complete 
|  95|0x0000000085f00000, 0x0000000086000000, 0x0000000086000000|100%| E|CS|TAMS 0x0000000085f00000, 0x0000000085f00000| Complete 
|  96|0x0000000086000000, 0x0000000086100000, 0x0000000086100000|100%| E|CS|TAMS 0x0000000086000000, 0x0000000086000000| Complete 
|  97|0x0000000086100000, 0x0000000086200000, 0x0000000086200000|100%| E|CS|TAMS 0x0000000086100000, 0x0000000086100000| Complete 
|  98|0x0000000086200000, 0x0000000086300000, 0x0000000086300000|100%| E|CS|TAMS 0x0000000086200000, 0x0000000086200000| Complete 
|  99|0x0000000086300000, 0x0000000086400000, 0x0000000086400000|100%| E|CS|TAMS 0x0000000086300000, 0x0000000086300000| Complete 
| 100|0x0000000086400000, 0x0000000086500000, 0x0000000086500000|100%| E|CS|TAMS 0x0000000086400000, 0x0000000086400000| Complete 
| 101|0x0000000086500000, 0x0000000086600000, 0x0000000086600000|100%| E|CS|TAMS 0x0000000086500000, 0x0000000086500000| Complete 
| 102|0x0000000086600000, 0x0000000086700000, 0x0000000086700000|100%| E|CS|TAMS 0x0000000086600000, 0x0000000086600000| Complete 
| 103|0x0000000086700000, 0x0000000086800000, 0x0000000086800000|100%| E|CS|TAMS 0x0000000086700000, 0x0000000086700000| Complete 
| 104|0x0000000086800000, 0x0000000086900000, 0x0000000086900000|100%| E|CS|TAMS 0x0000000086800000, 0x0000000086800000| Complete 
| 105|0x0000000086900000, 0x0000000086a00000, 0x0000000086a00000|100%| E|CS|TAMS 0x0000000086900000, 0x0000000086900000| Complete 
| 106|0x0000000086a00000, 0x0000000086b00000, 0x0000000086b00000|100%| E|CS|TAMS 0x0000000086a00000, 0x0000000086a00000| Complete 
| 107|0x0000000086b00000, 0x0000000086c00000, 0x0000000086c00000|100%| E|CS|TAMS 0x0000000086b00000, 0x0000000086b00000| Complete 
| 108|0x0000000086c00000, 0x0000000086d00000, 0x0000000086d00000|100%| E|CS|TAMS 0x0000000086c00000, 0x0000000086c00000| Complete 
| 109|0x0000000086d00000, 0x0000000086e00000, 0x0000000086e00000|100%| E|CS|TAMS 0x0000000086d00000, 0x0000000086d00000| Complete 
| 110|0x0000000086e00000, 0x0000000086f00000, 0x0000000086f00000|100%| E|CS|TAMS 0x0000000086e00000, 0x0000000086e00000| Complete 
| 111|0x0000000086f00000, 0x0000000087000000, 0x0000000087000000|100%| E|CS|TAMS 0x0000000086f00000, 0x0000000086f00000| Complete 
| 112|0x0000000087000000, 0x0000000087100000, 0x0000000087100000|100%| E|CS|TAMS 0x0000000087000000, 0x0000000087000000| Complete 
| 113|0x0000000087100000, 0x0000000087200000, 0x0000000087200000|100%| E|CS|TAMS 0x0000000087100000, 0x0000000087100000| Complete 
| 114|0x0000000087200000, 0x0000000087300000, 0x0000000087300000|100%| E|CS|TAMS 0x0000000087200000, 0x0000000087200000| Complete 
| 115|0x0000000087300000, 0x0000000087400000, 0x0000000087400000|100%| E|CS|TAMS 0x0000000087300000, 0x0000000087300000| Complete 
| 116|0x0000000087400000, 0x0000000087500000, 0x0000000087500000|100%| E|CS|TAMS 0x0000000087400000, 0x0000000087400000| Complete 
| 117|0x0000000087500000, 0x0000000087600000, 0x0000000087600000|100%| E|CS|TAMS 0x0000000087500000, 0x0000000087500000| Complete 
| 118|0x0000000087600000, 0x0000000087700000, 0x0000000087700000|100%| E|CS|TAMS 0x0000000087600000, 0x0000000087600000| Complete 
| 119|0x0000000087700000, 0x0000000087800000, 0x0000000087800000|100%| E|CS|TAMS 0x0000000087700000, 0x0000000087700000| Complete 
| 120|0x0000000087800000, 0x0000000087900000, 0x0000000087900000|100%| E|CS|TAMS 0x0000000087800000, 0x0000000087800000| Complete 
| 121|0x0000000087900000, 0x0000000087a00000, 0x0000000087a00000|100%| E|CS|TAMS 0x0000000087900000, 0x0000000087900000| Complete 
| 122|0x0000000087a00000, 0x0000000087b00000, 0x0000000087b00000|100%| E|CS|TAMS 0x0000000087a00000, 0x0000000087a00000| Complete 
| 123|0x0000000087b00000, 0x0000000087c00000, 0x0000000087c00000|100%| E|CS|TAMS 0x0000000087b00000, 0x0000000087b00000| Complete 
| 124|0x0000000087c00000, 0x0000000087d00000, 0x0000000087d00000|100%| E|CS|TAMS 0x0000000087c00000, 0x0000000087c00000| Complete 
| 125|0x0000000087d00000, 0x0000000087e00000, 0x0000000087e00000|100%| E|CS|TAMS 0x0000000087d00000, 0x0000000087d00000| Complete 

Card table byte_map: [0x00000198aa110000,0x00000198aa510000] _byte_map_base: 0x00000198a9d10000

Marking Bits (Prev, Next): (CMBitMap*) 0x00000198973cb870, (CMBitMap*) 0x00000198973cb838
 Prev Bits: [0x00000198ac910000, 0x00000198ae910000)
 Next Bits: [0x00000198aa910000, 0x00000198ac910000)

Polling page: 0x00000198951f0000

Metaspace:

Usage:
  Non-class:     26.58 MB capacity,    26.12 MB ( 98%) used,   405.36 KB (  1%) free+waste,    64.50 KB ( <1%) overhead. 
      Class:      4.26 MB capacity,     4.03 MB ( 95%) used,   203.13 KB (  5%) free+waste,    32.38 KB ( <1%) overhead. 
       Both:     30.84 MB capacity,    30.15 MB ( 98%) used,   608.48 KB (  2%) free+waste,    96.88 KB ( <1%) overhead. 

Virtual space:
  Non-class space:       28.00 MB reserved,      26.67 MB ( 95%) committed 
      Class space:        1.00 GB reserved,       4.38 MB ( <1%) committed 
             Both:        1.03 GB reserved,      31.05 MB (  3%) committed 

Chunk freelists:
   Non-Class:  29.00 KB
       Class:  0 bytes
        Both:  29.00 KB

MaxMetaspaceSize: 17179869184.00 GB
CompressedClassSpaceSize: 1.00 GB

CodeHeap 'non-profiled nmethods': size=120064Kb used=1270Kb max_used=1270Kb free=118793Kb
 bounds [0x00000198a27d0000, 0x00000198a2a40000, 0x00000198a9d10000]
CodeHeap 'profiled nmethods': size=120000Kb used=5047Kb max_used=5047Kb free=114952Kb
 bounds [0x000001989b2a0000, 0x000001989b7a0000, 0x00000198a27d0000]
CodeHeap 'non-nmethods': size=5696Kb used=1170Kb max_used=1203Kb free=4525Kb
 bounds [0x000001989ad10000, 0x000001989af80000, 0x000001989b2a0000]
 total_blobs=2937 nmethods=2427 adapters=421
 compilation: enabled
              stopped_count=0, restarted_count=0
 full_count=0

Compilation events (20 events):
Event: 7.880 Thread 0x00000198b17a6800 2634       3       java.util.Set::spliterator (6 bytes)
Event: 7.881 Thread 0x00000198b17a6800 nmethod 2634 0x000001989b788790 code [0x000001989b788960, 0x000001989b788cc8]
Event: 7.881 Thread 0x00000198b17a6800 2637       3       java.util.ImmutableCollections$SetN$SetNIterator::<init> (40 bytes)
Event: 7.882 Thread 0x00000198b17a6800 nmethod 2637 0x000001989b788e10 code [0x000001989b788fe0, 0x000001989b789378]
Event: 7.882 Thread 0x00000198b17a6800 2635       3       java.util.Spliterators::spliterator (16 bytes)
Event: 7.882 Thread 0x00000198b17a6800 nmethod 2635 0x000001989b789510 code [0x000001989b789700, 0x000001989b789ad8]
Event: 7.882 Thread 0x00000198b17a6800 2636       3       java.util.stream.ReferencePipeline::anyMatch (18 bytes)
Event: 7.883 Thread 0x00000198b17a6800 nmethod 2636 0x000001989b789c10 code [0x000001989b789e80, 0x000001989b78aa78]
Event: 7.884 Thread 0x00000198b17a6800 2638       3       java.util.Spliterator::getExactSizeIfKnown (25 bytes)
Event: 7.884 Thread 0x00000198b17a6800 nmethod 2638 0x000001989b78ae10 code [0x000001989b78afe0, 0x000001989b78b2b8]
Event: 7.884 Thread 0x00000198b17a6800 2639       3       java.util.stream.Sink::end (1 bytes)
Event: 7.884 Thread 0x00000198b17a6800 nmethod 2639 0x000001989b78b390 code [0x000001989b78b540, 0x000001989b78b638]
Event: 7.885 Thread 0x00000198b17a6800 2640       3       java.util.stream.AbstractPipeline::copyInto (54 bytes)
Event: 7.886 Thread 0x00000198b17a6800 nmethod 2640 0x000001989b78b710 code [0x000001989b78b940, 0x000001989b78c018]
Event: 7.887 Thread 0x00000198b17a6800 2641       3       java.util.Spliterators$IteratorSpliterator::estimateSize (41 bytes)
Event: 7.887 Thread 0x00000198b0e09000 2642       4       java.util.Spliterators$IteratorSpliterator::tryAdvance (77 bytes)
Event: 7.887 Thread 0x00000198b17a6800 nmethod 2641 0x000001989b78c290 code [0x000001989b78c460, 0x000001989b78c798]
Event: 7.888 Thread 0x00000198b17a6800 2643       3       java.util.stream.MatchOps$MatchOp::getOpFlags (8 bytes)
Event: 7.888 Thread 0x00000198b17a6800 nmethod 2643 0x000001989b78c890 code [0x000001989b78ca40, 0x000001989b78cb38]
Event: 7.888 Thread 0x00000198b17a6800 2644       3       java.util.stream.MatchOps$MatchOp::evaluateSequential (7 bytes)

GC Heap History (10 events):
Event: 1.001 GC heap before
{Heap before GC invocations=0 (full 0):
 garbage-first heap   total 129024K, used 19456K [0x0000000080000000, 0x0000000100000000)
  region size 1024K, 14 young (14336K), 0 survivors (0K)
 Metaspace       used 6730K, capacity 6921K, committed 7168K, reserved 1056768K
  class space    used 581K, capacity 650K, committed 768K, reserved 1048576K
}
Event: 1.005 GC heap after
{Heap after GC invocations=1 (full 0):
 garbage-first heap   total 129024K, used 8032K [0x0000000080000000, 0x0000000100000000)
  region size 1024K, 2 young (2048K), 2 survivors (2048K)
 Metaspace       used 6730K, capacity 6921K, committed 7168K, reserved 1056768K
  class space    used 581K, capacity 650K, committed 768K, reserved 1048576K
}
Event: 1.534 GC heap before
{Heap before GC invocations=1 (full 0):
 garbage-first heap   total 129024K, used 20320K [0x0000000080000000, 0x0000000100000000)
  region size 1024K, 14 young (14336K), 2 survivors (2048K)
 Metaspace       used 9828K, capacity 10050K, committed 10112K, reserved 1058816K
  class space    used 1021K, capacity 1102K, committed 1152K, reserved 1048576K
}
Event: 1.537 GC heap after
{Heap after GC invocations=2 (full 0):
 garbage-first heap   total 129024K, used 9022K [0x0000000080000000, 0x0000000100000000)
  region size 1024K, 2 young (2048K), 2 survivors (2048K)
 Metaspace       used 9828K, capacity 10050K, committed 10112K, reserved 1058816K
  class space    used 1021K, capacity 1102K, committed 1152K, reserved 1048576K
}
Event: 2.041 GC heap before
{Heap before GC invocations=2 (full 0):
 garbage-first heap   total 129024K, used 40766K [0x0000000080000000, 0x0000000100000000)
  region size 1024K, 32 young (32768K), 2 survivors (2048K)
 Metaspace       used 10770K, capacity 11003K, committed 11264K, reserved 1058816K
  class space    used 1124K, capacity 1206K, committed 1280K, reserved 1048576K
}
Event: 2.045 GC heap after
{Heap after GC invocations=3 (full 0):
 garbage-first heap   total 129024K, used 11963K [0x0000000080000000, 0x0000000100000000)
  region size 1024K, 4 young (4096K), 4 survivors (4096K)
 Metaspace       used 10770K, capacity 11003K, committed 11264K, reserved 1058816K
  class space    used 1124K, capacity 1206K, committed 1280K, reserved 1048576K
}
Event: 4.320 GC heap before
{Heap before GC invocations=3 (full 0):
 garbage-first heap   total 129024K, used 75451K [0x0000000080000000, 0x0000000100000000)
  region size 1024K, 67 young (68608K), 4 survivors (4096K)
 Metaspace       used 20615K, capacity 21150K, committed 21296K, reserved 1069056K
  class space    used 2512K, capacity 2688K, committed 2688K, reserved 1048576K
}
Event: 4.333 GC heap after
{Heap after GC invocations=4 (full 0):
 garbage-first heap   total 129024K, used 16536K [0x0000000080000000, 0x0000000100000000)
  region size 1024K, 9 young (9216K), 9 survivors (9216K)
 Metaspace       used 20615K, capacity 21150K, committed 21296K, reserved 1069056K
  class space    used 2512K, capacity 2688K, committed 2688K, reserved 1048576K
}
Event: 6.369 GC heap before
{Heap before GC invocations=5 (full 0):
 garbage-first heap   total 129024K, used 82072K [0x0000000080000000, 0x0000000100000000)
  region size 1024K, 73 young (74752K), 9 survivors (9216K)
 Metaspace       used 26765K, capacity 27442K, committed 27568K, reserved 1073152K
  class space    used 3528K, capacity 3792K, committed 3840K, reserved 1048576K
}
Event: 6.380 GC heap after
{Heap after GC invocations=6 (full 0):
 garbage-first heap   total 129024K, used 18430K [0x0000000080000000, 0x0000000100000000)
  region size 1024K, 7 young (7168K), 7 survivors (7168K)
 Metaspace       used 26765K, capacity 27442K, committed 27568K, reserved 1073152K
  class space    used 3528K, capacity 3792K, committed 3840K, reserved 1048576K
}

Deoptimization events (20 events):
Event: 5.907 Thread 0x00000198b31ff800 Uncommon trap: trap_request=0xffffffde fr.pc=0x00000198a2845fe0 relative=0x0000000000000320
Event: 5.907 Thread 0x00000198b31ff800 Uncommon trap: reason=class_check action=maybe_recompile pc=0x00000198a2845fe0 method=java.util.Collections$SetFromMap.remove(Ljava/lang/Object;)Z @ 5 c2
Event: 5.907 Thread 0x00000198b31ff800 DEOPT PACKING pc=0x00000198a2845fe0 sp=0x0000003ba1bfc380
Event: 5.907 Thread 0x00000198b31ff800 DEOPT UNPACKING pc=0x000001989ad1822f sp=0x0000003ba1bfc368 mode 2
Event: 5.951 Thread 0x00000198b31ff800 Uncommon trap: trap_request=0xffffff4d fr.pc=0x00000198a27f76a0 relative=0x00000000000004e0
Event: 5.951 Thread 0x00000198b31ff800 Uncommon trap: reason=unstable_if action=reinterpret pc=0x00000198a27f76a0 method=java.util.Properties$LineReader.readLine()I @ 249 c2
Event: 5.951 Thread 0x00000198b31ff800 DEOPT PACKING pc=0x00000198a27f76a0 sp=0x0000003ba1bfb830
Event: 5.951 Thread 0x00000198b31ff800 DEOPT UNPACKING pc=0x000001989ad1822f sp=0x0000003ba1bfb7c0 mode 2
Event: 6.473 Thread 0x00000198b31ff800 Uncommon trap: trap_request=0xffffff4d fr.pc=0x00000198a28d22cc relative=0x000000000000020c
Event: 6.473 Thread 0x00000198b31ff800 Uncommon trap: reason=unstable_if action=reinterpret pc=0x00000198a28d22cc method=java.util.HashMap.hash(Ljava/lang/Object;)I @ 1 c2
Event: 6.473 Thread 0x00000198b31ff800 DEOPT PACKING pc=0x00000198a28d22cc sp=0x0000003ba1bf90b0
Event: 6.473 Thread 0x00000198b31ff800 DEOPT UNPACKING pc=0x000001989ad1822f sp=0x0000003ba1bf8fe8 mode 2
Event: 7.098 Thread 0x00000198b31ff800 Uncommon trap: trap_request=0xffffff4d fr.pc=0x00000198a28e8184 relative=0x00000000000001a4
Event: 7.098 Thread 0x00000198b31ff800 Uncommon trap: reason=unstable_if action=reinterpret pc=0x00000198a28e8184 method=java.util.regex.Pattern$BmpCharProperty.match(Ljava/util/regex/Matcher;ILjava/lang/CharSequence;)Z @ 39 c2
Event: 7.099 Thread 0x00000198b31ff800 DEOPT PACKING pc=0x00000198a28e8184 sp=0x0000003ba1bf9ac0
Event: 7.099 Thread 0x00000198b31ff800 DEOPT UNPACKING pc=0x000001989ad1822f sp=0x0000003ba1bf9a70 mode 2
Event: 7.242 Thread 0x00000198b31ff800 Uncommon trap: trap_request=0xffffff4d fr.pc=0x00000198a28bcf50 relative=0x00000000000001f0
Event: 7.242 Thread 0x00000198b31ff800 Uncommon trap: reason=unstable_if action=reinterpret pc=0x00000198a28bcf50 method=java.util.HashMap.putVal(ILjava/lang/Object;Ljava/lang/Object;ZZ)Ljava/lang/Object; @ 162 c2
Event: 7.242 Thread 0x00000198b31ff800 DEOPT PACKING pc=0x00000198a28bcf50 sp=0x0000003ba1bfab80
Event: 7.242 Thread 0x00000198b31ff800 DEOPT UNPACKING pc=0x000001989ad1822f sp=0x0000003ba1bfab00 mode 2

Classes redefined (0 events):
No events

Internal exceptions (20 events):
Event: 4.770 Thread 0x00000198b31ff800 Exception <a 'java/lang/NoSuchMethodError'{0x0000000086cdd9c0}: 'java.lang.Object java.lang.invoke.DirectMethodHandle$Holder.invokeVirtual(java.lang.Object, java.lang.Object, java.lang.Object, java.lang.Object)'> (0x0000000086cdd9c0) thrown at [./src/hotspot/share/interpreter/linkResolver.cpp, line 773]
Event: 4.822 Thread 0x00000198b31ff800 Exception <a 'java/lang/NoSuchMethodError'{0x00000000869a5bc8}: 'java.lang.Object java.lang.invoke.Invokers$Holder.invoker(java.lang.Object, java.lang.Object, java.lang.Object, java.lang.Object, java.lang.Object)'> (0x00000000869a5bc8) thrown at [./src/hotspot/share/interpreter/linkResolver.cpp, line 773]
Event: 4.960 Thread 0x00000198b31ff800 Exception <a 'java/lang/NoSuchMethodError'{0x00000000865f1b68}: 'void java.lang.invoke.DirectMethodHandle$Holder.invokeSpecial(java.lang.Object, java.lang.Object, java.lang.Object, java.lang.Object, java.lang.Object, java.lang.Object)'> (0x00000000865f1b68) thrown at [./src/hotspot/share/interpreter/linkResolver.cpp, line 773]
Event: 4.979 Thread 0x00000198b31ff800 Exception <a 'java/lang/NoSuchMethodError'{0x0000000086457590}: 'void java.lang.invoke.DirectMethodHandle$Holder.invokeSpecial(java.lang.Object, java.lang.Object, java.lang.Object, java.lang.Object, java.lang.Object, java.lang.Object, java.lang.Object)'> (0x0000000086457590) thrown at [./src/hotspot/share/interpreter/linkResolver.cpp, line 773]
Event: 4.980 Thread 0x00000198b31ff800 Exception <a 'java/lang/NoSuchMethodError'{0x000000008645f7d8}: 'java.lang.Object java.lang.invoke.Invokers$Holder.linkToTargetMethod(java.lang.Object, java.lang.Object, java.lang.Object, java.lang.Object, java.lang.Object, java.lang.Object)'> (0x000000008645f7d8) thrown at [./src/hotspot/share/interpreter/linkResolver.cpp, line 773]
Event: 5.529 Thread 0x00000198b31ff800 Exception <a 'java/lang/NoSuchMethodError'{0x0000000085790828}: 'void java.lang.invoke.DirectMethodHandle$Holder.invokeStaticInit(java.lang.Object, java.lang.Object)'> (0x0000000085790828) thrown at [./src/hotspot/share/interpreter/linkResolver.cpp, line 773]
Event: 5.890 Thread 0x00000198b31ff800 Exception <a 'java/lang/NoSuchMethodError'{0x0000000085004378}: 'void java.lang.invoke.DirectMethodHandle$Holder.invokeStatic(java.lang.Object, java.lang.Object, java.lang.Object, java.lang.Object)'> (0x0000000085004378) thrown at [./src/hotspot/share/interpreter/linkResolver.cpp, line 773]
Event: 5.896 Thread 0x00000198b31ff800 Exception <a 'java/lang/NoSuchMethodError'{0x0000000085017dd8}: 'int java.lang.invoke.DirectMethodHandle$Holder.invokeInterface(java.lang.Object, java.lang.Object)'> (0x0000000085017dd8) thrown at [./src/hotspot/share/interpreter/linkResolver.cpp, line 773]
Event: 6.191 Thread 0x00000198b31ff800 Exception <a 'java/lang/NoSuchMethodError'{0x0000000084551778}: 'java.lang.Object java.lang.invoke.DirectMethodHandle$Holder.invokeSpecialIFC(java.lang.Object, java.lang.Object, java.lang.Object, java.lang.Object)'> (0x0000000084551778) thrown at [./src/hotspot/share/interpreter/linkResolver.cpp, line 773]
Event: 6.210 Thread 0x00000198b31ff800 Exception <a 'java/lang/NoSuchMethodError'{0x0000000084465ed0}: 'java.lang.Object java.lang.invoke.DirectMethodHandle$Holder.invokeSpecial(java.lang.Object, java.lang.Object, java.lang.Object, java.lang.Object, java.lang.Object, java.lang.Object, java.lang.Object, java.lang.Object, java.lang.Object, java.lang.Object, java.lang.Object, java.lang.Object, java.lang.Object)'> (0x0000000084465ed0) thrown at [./src/hotspot/share/interpreter/linkResolver.cpp, line 773]
Event: 6.211 Thread 0x00000198b31ff800 Exception <a 'java/lang/NoSuchMethodError'{0x0000000084477158}: 'java.lang.Object java.lang.invoke.DirectMethodHandle$Holder.invokeSpecial(java.lang.Object, java.lang.Object, java.lang.Object, java.lang.Object, java.lang.Object, java.lang.Object, java.lang.Object, java.lang.Object, java.lang.Object, java.lang.Object, java.lang.Object, java.lang.Object)'> (0x0000000084477158) thrown at [./src/hotspot/share/interpreter/linkResolver.cpp, line 773]
Event: 6.212 Thread 0x00000198b31ff800 Exception <a 'java/lang/NoSuchMethodError'{0x000000008447c280}: 'java.lang.Object java.lang.invoke.Invokers$Holder.linkToTargetMethod(java.lang.Object, java.lang.Object, java.lang.Object, java.lang.Object, java.lang.Object, java.lang.Object, java.lang.Object, java.lang.Object, java.lang.Object, java.lang.Object, java.lang.Object)'> (0x000000008447c280) thrown at [./src/hotspot/share/interpreter/linkResolver.cpp, line 773]
Event: 6.236 Thread 0x00000198b31ff800 Exception <a 'java/lang/NoSuchMethodError'{0x00000000843bc100}: 'java.lang.Object java.lang.invoke.DirectMethodHandle$Holder.invokeSpecial(java.lang.Object, java.lang.Object, java.lang.Object, java.lang.Object, java.lang.Object, java.lang.Object, java.lang.Object, java.lang.Object, java.lang.Object, java.lang.Object, java.lang.Object, java.lang.Object, java.lang.Object, java.lang.Object)'> (0x00000000843bc100) thrown at [./src/hotspot/share/interpreter/linkResolver.cpp, line 773]
Event: 6.237 Thread 0x00000198b31ff800 Exception <a 'java/lang/NoSuchMethodError'{0x00000000843cd6f8}: 'java.lang.Object java.lang.invoke.Invokers$Holder.linkToTargetMethod(java.lang.Object, java.lang.Object, java.lang.Object, java.lang.Object, java.lang.Object, java.lang.Object, java.lang.Object, java.lang.Object, java.lang.Object, java.lang.Object, java.lang.Object, java.lang.Object)'> (0x00000000843cd6f8) thrown at [./src/hotspot/share/interpreter/linkResolver.cpp, line 773]
Event: 6.250 Thread 0x00000198b31ff800 Exception <a 'java/lang/NoSuchMethodError'{0x000000008425e7a8}: 'java.lang.Object java.lang.invoke.DirectMethodHandle$Holder.invokeStaticInit(java.lang.Object, java.lang.Object, java.lang.Object, java.lang.Object)'> (0x000000008425e7a8) thrown at [./src/hotspot/share/interpreter/linkResolver.cpp, line 773]
Event: 6.473 Thread 0x00000198b31ff800 Implicit null exception at 0x00000198a28d20f5 to 0x00000198a28d22bc
Event: 7.686 Thread 0x00000198b31ff800 Exception <a 'java/lang/NoSuchMethodError'{0x0000000085fa4dc8}: 'void java.lang.invoke.DirectMethodHandle$Holder.invokeStaticInit(java.lang.Object, java.lang.Object, java.lang.Object)'> (0x0000000085fa4dc8) thrown at [./src/hotspot/share/interpreter/linkResolver.cpp, line 773]
Event: 7.690 Thread 0x00000198b31ff800 Exception <a 'java/lang/NoSuchMethodError'{0x0000000085fabba0}: 'void java.lang.invoke.DirectMethodHandle$Holder.invokeStaticInit(java.lang.Object, java.lang.Object, java.lang.Object, java.lang.Object)'> (0x0000000085fabba0) thrown at [./src/hotspot/share/interpreter/linkResolver.cpp, line 773]
Event: 7.695 Thread 0x00000198b31ff800 Exception <a 'java/lang/NoSuchMethodError'{0x0000000085fcdf28}: 'void java.lang.invoke.DirectMethodHandle$Holder.invokeStaticInit(java.lang.Object, java.lang.Object, java.lang.Object, java.lang.Object, java.lang.Object)'> (0x0000000085fcdf28) thrown at [./src/hotspot/share/interpreter/linkResolver.cpp, line 773]
Event: 7.696 Thread 0x00000198b31ff800 Exception <a 'java/lang/NoSuchMethodError'{0x0000000085fd5638}: 'int java.lang.invoke.DirectMethodHandle$Holder.invokeStaticInit(java.lang.Object, java.lang.Object, java.lang.Object)'> (0x0000000085fd5638) thrown at [./src/hotspot/share/interpreter/linkResolver.cpp, line 773]

Events (20 events):
Event: 7.664 loading class java/lang/IllegalCallerException done
Event: 7.665 loading class org/codehaus/groovy/vmplugin/v8/PluginDefaultGroovyMethods
Event: 7.665 loading class org/codehaus/groovy/vmplugin/v8/PluginDefaultGroovyMethods done
Event: 7.670 loading class org/codehaus/groovy/runtime/DefaultGroovyMethodsSupport
Event: 7.670 loading class org/codehaus/groovy/runtime/DefaultGroovyMethodsSupport done
Event: 7.675 loading class jdk/internal/module/SystemModules$all
Event: 7.680 loading class jdk/internal/module/SystemModules$all done
Event: 7.697 Executing VM operation: RevokeBias
Event: 7.697 Executing VM operation: RevokeBias done
Event: 7.697 loading class java/util/stream/MatchOps$MatchKind
Event: 7.698 loading class java/util/stream/MatchOps$MatchKind done
Event: 7.698 loading class java/util/stream/MatchOps
Event: 7.699 loading class java/util/stream/MatchOps done
Event: 7.699 loading class java/util/stream/MatchOps$MatchOp
Event: 7.699 loading class java/util/stream/MatchOps$MatchOp done
Event: 7.699 loading class java/util/stream/MatchOps$BooleanTerminalSink
Event: 7.699 loading class java/util/stream/MatchOps$BooleanTerminalSink done
Event: 7.700 loading class java/util/stream/MatchOps$1MatchSink
Event: 7.700 loading class java/util/stream/MatchOps$1MatchSink done
Event: 7.712 Thread 0x00000198b4fb1000 Thread added: 0x00000198b4fb1000


Dynamic libraries:
0x00007ff6cdb10000 - 0x00007ff6cdb1a000 	C:\Program Files\Android\Android Studio\jre\bin\java.exe
0x00007ffe07710000 - 0x00007ffe07905000 	C:\WINDOWS\SYSTEM32\ntdll.dll
0x00007ffe07350000 - 0x00007ffe0740d000 	C:\WINDOWS\System32\KERNEL32.DLL
0x00007ffe05190000 - 0x00007ffe05459000 	C:\WINDOWS\System32\KERNELBASE.dll
0x00007ffe04ee0000 - 0x00007ffe04fe0000 	C:\WINDOWS\System32\ucrtbase.dll
0x00007ffdffd50000 - 0x00007ffdffd69000 	C:\Program Files\Android\Android Studio\jre\bin\jli.dll
0x00007ffdffd70000 - 0x00007ffdffd87000 	C:\Program Files\Android\Android Studio\jre\bin\VCRUNTIME140.dll
0x00007ffe07410000 - 0x00007ffe075b0000 	C:\WINDOWS\System32\USER32.dll
0x00007ffe04e50000 - 0x00007ffe04e72000 	C:\WINDOWS\System32\win32u.dll
0x00007ffdf3860000 - 0x00007ffdf3afa000 	C:\WINDOWS\WinSxS\amd64_microsoft.windows.common-controls_6595b64144ccf1df_6.0.19041.1110_none_60b5254171f9507e\COMCTL32.dll
0x00007ffe07070000 - 0x00007ffe0709a000 	C:\WINDOWS\System32\GDI32.dll
0x00007ffe06630000 - 0x00007ffe066ce000 	C:\WINDOWS\System32\msvcrt.dll
0x00007ffe05460000 - 0x00007ffe0556b000 	C:\WINDOWS\System32\gdi32full.dll
0x00007ffe05010000 - 0x00007ffe050ad000 	C:\WINDOWS\System32\msvcp_win.dll
0x00007ffe05780000 - 0x00007ffe057b0000 	C:\WINDOWS\System32\IMM32.DLL
0x00007ffde4560000 - 0x00007ffde45fd000 	C:\Program Files\Android\Android Studio\jre\bin\msvcp140.dll
0x00007ffdb2370000 - 0x00007ffdb2e2c000 	C:\Program Files\Android\Android Studio\jre\bin\server\jvm.dll
0x00007ffe071d0000 - 0x00007ffe0727c000 	C:\WINDOWS\System32\ADVAPI32.dll
0x00007ffe064c0000 - 0x00007ffe0655b000 	C:\WINDOWS\System32\sechost.dll
0x00007ffe06ee0000 - 0x00007ffe0700a000 	C:\WINDOWS\System32\RPCRT4.dll
0x00007ffe06620000 - 0x00007ffe06628000 	C:\WINDOWS\System32\PSAPI.DLL
0x00007ffe00910000 - 0x00007ffe00919000 	C:\WINDOWS\SYSTEM32\WSOCK32.dll
0x00007ffde8e00000 - 0x00007ffde8e27000 	C:\WINDOWS\SYSTEM32\WINMM.dll
0x00007ffe06be0000 - 0x00007ffe06c4b000 	C:\WINDOWS\System32\WS2_32.dll
0x00007ffdfe7c0000 - 0x00007ffdfe7ca000 	C:\WINDOWS\SYSTEM32\VERSION.dll
0x00007ffe03760000 - 0x00007ffe03772000 	C:\WINDOWS\SYSTEM32\kernel.appcore.dll
0x00007ffe00060000 - 0x00007ffe00071000 	C:\Program Files\Android\Android Studio\jre\bin\verify.dll
0x00007ffe02c60000 - 0x00007ffe02e44000 	C:\WINDOWS\SYSTEM32\DBGHELP.DLL
0x00007ffdef7c0000 - 0x00007ffdef7ec000 	C:\WINDOWS\SYSTEM32\dbgcore.DLL
0x00007ffe05100000 - 0x00007ffe05183000 	C:\WINDOWS\System32\bcryptPrimitives.dll
0x00007ffdfb390000 - 0x00007ffdfb3b9000 	C:\Program Files\Android\Android Studio\jre\bin\java.dll
0x00007ffdfb380000 - 0x00007ffdfb38b000 	C:\Program Files\Android\Android Studio\jre\bin\jimage.dll
0x00007ffdf4dd0000 - 0x00007ffdf4de8000 	C:\Program Files\Android\Android Studio\jre\bin\zip.dll
0x00007ffe057c0000 - 0x00007ffe05eff000 	C:\WINDOWS\System32\SHELL32.dll
0x00007ffe02e50000 - 0x00007ffe035e1000 	C:\WINDOWS\SYSTEM32\windows.storage.dll
0x00007ffe06730000 - 0x00007ffe06a85000 	C:\WINDOWS\System32\combase.dll
0x00007ffe048c0000 - 0x00007ffe048ec000 	C:\WINDOWS\SYSTEM32\Wldp.dll
0x00007ffe07120000 - 0x00007ffe071ce000 	C:\WINDOWS\System32\SHCORE.dll
0x00007ffe066d0000 - 0x00007ffe06725000 	C:\WINDOWS\System32\shlwapi.dll
0x00007ffe04d90000 - 0x00007ffe04daf000 	C:\WINDOWS\SYSTEM32\profapi.dll
0x00007ffdf4d40000 - 0x00007ffdf4d5a000 	C:\Program Files\Android\Android Studio\jre\bin\net.dll
0x00007ffdf3b30000 - 0x00007ffdf3c3a000 	C:\WINDOWS\SYSTEM32\WINHTTP.dll
0x00007ffe04620000 - 0x00007ffe0468a000 	C:\WINDOWS\system32\mswsock.dll
0x00007ffdf44d0000 - 0x00007ffdf44e4000 	C:\Program Files\Android\Android Studio\jre\bin\nio.dll
0x00007ffdf4e50000 - 0x00007ffdf4e77000 	C:\Users\layan\.gradle\native\8bec1ad78214c89d9ad589b4d07fe93259594b29d510b10fafb7a158f7737e5d\windows-amd64\native-platform.dll
0x00007ffddd170000 - 0x00007ffddd2ad000 	C:\Users\layan\.gradle\native\53dbd7edfb1c66fb8903c78663c9afc45aea4f116125fa6feffd364cf09443e8\windows-amd64\native-platform-file-events.dll
0x00007ffdf6390000 - 0x00007ffdf639a000 	C:\Program Files\Android\Android Studio\jre\bin\management.dll
0x00007ffdf49f0000 - 0x00007ffdf49fc000 	C:\Program Files\Android\Android Studio\jre\bin\management_ext.dll
0x00007ffe04800000 - 0x00007ffe04818000 	C:\WINDOWS\SYSTEM32\CRYPTSP.dll
0x00007ffe03f50000 - 0x00007ffe03f84000 	C:\WINDOWS\system32\rsaenh.dll
0x00007ffe04fe0000 - 0x00007ffe05007000 	C:\WINDOWS\System32\bcrypt.dll
0x00007ffe04d10000 - 0x00007ffe04d3e000 	C:\WINDOWS\SYSTEM32\USERENV.dll
0x00007ffe04820000 - 0x00007ffe0482c000 	C:\WINDOWS\SYSTEM32\CRYPTBASE.dll
0x00007ffe042c0000 - 0x00007ffe042fb000 	C:\WINDOWS\SYSTEM32\IPHLPAPI.DLL
0x00007ffe057b0000 - 0x00007ffe057b8000 	C:\WINDOWS\System32\NSI.dll
0x00007ffdfaf90000 - 0x00007ffdfafa7000 	C:\WINDOWS\SYSTEM32\dhcpcsvc6.DLL
0x00007ffdfb580000 - 0x00007ffdfb59d000 	C:\WINDOWS\SYSTEM32\dhcpcsvc.DLL
0x00007ffe04300000 - 0x00007ffe043cc000 	C:\WINDOWS\SYSTEM32\DNSAPI.dll

dbghelp: loaded successfully - version: 4.0.5 - missing functions: none
symbol engine: initialized successfully - sym options: 0x614 - pdb path: .;C:\Program Files\Android\Android Studio\jre\bin;C:\WINDOWS\SYSTEM32;C:\WINDOWS\WinSxS\amd64_microsoft.windows.common-controls_6595b64144ccf1df_6.0.19041.1110_none_60b5254171f9507e;C:\Program Files\Android\Android Studio\jre\bin\server;C:\Users\layan\.gradle\native\8bec1ad78214c89d9ad589b4d07fe93259594b29d510b10fafb7a158f7737e5d\windows-amd64;C:\Users\layan\.gradle\native\53dbd7edfb1c66fb8903c78663c9afc45aea4f116125fa6feffd364cf09443e8\windows-amd64

VM Arguments:
jvm_args: --add-opens=java.base/java.util=ALL-UNNAMED --add-opens=java.base/java.lang=ALL-UNNAMED --add-opens=java.base/java.lang.invoke=ALL-UNNAMED --add-opens=java.base/java.util=ALL-UNNAMED --add-opens=java.prefs/java.util.prefs=ALL-UNNAMED --add-opens=java.prefs/java.util.prefs=ALL-UNNAMED --add-opens=java.base/java.nio.charset=ALL-UNNAMED --add-opens=java.base/java.net=ALL-UNNAMED --add-opens=java.base/java.util.concurrent.atomic=ALL-UNNAMED -Xmx2048m -Dfile.encoding=UTF-8 -Duser.country=US -Duser.language=en -Duser.variant 
java_command: org.gradle.launcher.daemon.bootstrap.GradleDaemon 7.0.2
java_class_path (initial): C:\Users\layan\.gradle\wrapper\dists\gradle-7.0.2-bin\857tjihv64xamwrf0h14cai3r\gradle-7.0.2\lib\gradle-launcher-7.0.2.jar
Launcher Type: SUN_STANDARD

[Global flags]
     intx CICompilerCount                          = 3                                         {product} {ergonomic}
     uint ConcGCThreads                            = 1                                         {product} {ergonomic}
     uint G1ConcRefinementThreads                  = 4                                         {product} {ergonomic}
   size_t G1HeapRegionSize                         = 1048576                                   {product} {ergonomic}
    uintx GCDrainStackTargetSize                   = 64                                        {product} {ergonomic}
   size_t InitialHeapSize                          = 132120576                                 {product} {ergonomic}
   size_t MarkStackSize                            = 4194304                                   {product} {ergonomic}
   size_t MaxHeapSize                              = 2147483648                                {product} {command line}
   size_t MaxNewSize                               = 1287651328                                {product} {ergonomic}
   size_t MinHeapDeltaBytes                        = 1048576                                   {product} {ergonomic}
    uintx NonNMethodCodeHeapSize                   = 5830732                                {pd product} {ergonomic}
    uintx NonProfiledCodeHeapSize                  = 122913754                              {pd product} {ergonomic}
    uintx ProfiledCodeHeapSize                     = 122913754                              {pd product} {ergonomic}
    uintx ReservedCodeCacheSize                    = 251658240                              {pd product} {ergonomic}
     bool SegmentedCodeCache                       = true                                      {product} {ergonomic}
     bool UseCompressedClassPointers               = true                                 {lp64_product} {ergonomic}
     bool UseCompressedOops                        = true                                 {lp64_product} {ergonomic}
     bool UseG1GC                                  = true                                      {product} {ergonomic}
     bool UseLargePagesIndividualAllocation        = false                                  {pd product} {ergonomic}

Logging:
Log output configuration:
 #0: stdout all=warning uptime,level,tags
 #1: stderr all=off uptime,level,tags

Environment Variables:
PATH=C:\Program Files (x86)\Common Files\Oracle\Java\javapath;C:\WINDOWS\system32;C:\WINDOWS;C:\WINDOWS\System32\Wbem;C:\WINDOWS\System32\WindowsPowerShell\v1.0\;C:\WINDOWS\System32\OpenSSH\;C:\Program Files\Git\cmd;C:\Program Files\Pandoc\;C:\Program Files\nodejs\;C:\Program Files\MySQL\MySQL Shell 8.0\bin\;C:\Users\layan\AppData\Local\Microsoft\WindowsApps;C:\Users\layan\AppData\Local\Programs\Microsoft VS Code\bin;C:\Program Files (x86)\GitHub CLI\;C:\Users\layan\AppData\Roaming\npm;C:\Program Files\Java\jdk-16.0.1\bin;C:\Users\layan\AppData\Local\Android\Sdk\platform-tools;
USERNAME=layan
OS=Windows_NT
PROCESSOR_IDENTIFIER=Intel64 Family 6 Model 126 Stepping 5, GenuineIntel



---------------  S Y S T E M  ---------------

OS: Windows 10 , 64 bit Build 19041 (10.0.19041.1023)
OS uptime: 0 days 10:20 hours

CPU:total 4 (initial active 4) (2 cores per cpu, 2 threads per core) family 6 model 126 stepping 5, cmov, cx8, fxsr, mmx, sse, sse2, sse3, ssse3, sse4.1, sse4.2, popcnt, avx, avx2, aes, clmul, erms, 3dnowpref, lzcnt, ht, tsc, tscinvbit, bmi1, bmi2, adx, evex, sha, fma

Memory: 4k page, system-wide physical 7959M (364M free)
TotalPageFile size 14103M (AvailPageFile size 8M)
current process WorkingSet (physical memory assigned to process): 212M, peak: 216M
current process commit charge ("private bytes"): 277M, peak: 281M

vm_info: OpenJDK 64-Bit Server VM (11.0.8+10-b944.6842174) for windows-amd64 JRE (11.0.8+10-b944.6842174), built on Sep 19 2020 01:11:42 by "builder" with MS VC++ 14.0 (VS2015)

END.
